2020-12-03 15:19:00,597 autoNlpNew.py[line:226] INFO xxxx
2020-12-03 15:53:52,917 autoNlpNew.py[line:51] INFO 开发发送语音接口请求
2020-12-03 15:53:52,920 autoNlpNew.py[line:52] INFO 发送的指令是: 温度跳到20度
2020-12-03 15:53:52,921 autoNlpNew.py[line:74] INFO 请求参数
2020-12-03 15:53:52,921 autoNlpNew.py[line:75] INFO url = http://ai.haier.net:11000/access/ai-access/nlp?engine=x20&needcontent=yes
2020-12-03 15:53:52,921 autoNlpNew.py[line:76] INFO headers = {'Accept': '*/*', 'User-Agent': 'Mozilla/4.0', 'Content-Type': 'application/json;charset=utf-8', 'appid': 'MB-SDOT20-0000', 'appVersion': '2.5.37', 'clientid': 'ACB1EE302412', 'accessToken': 'TGT1GW0VX7W4U9SP2I0ZIDK1QRKIY0', 'sequenceId': '08002700DC94-15110519074300001', 'sign': 'fbd962ab1aa1c745eebf9b0c60c5c42f', 'timestamp': '20201203155352', 'language': 'zh-cn', 'timezone': '8', 'familyId': '640162750021000001', 'userId': '36427446', 'wakeupStat': 'yes'}
2020-12-03 15:53:52,922 autoNlpNew.py[line:77] INFO data = {"query": "\u6e29\u5ea6\u8df3\u523020\u5ea6"}
2020-12-03 15:57:19,818 autoNlpNew.py[line:51] INFO 开发发送语音接口请求
2020-12-03 15:57:19,818 autoNlpNew.py[line:52] INFO 发送的指令是: 温度跳到20度
2020-12-03 15:57:19,819 autoNlpNew.py[line:74] INFO 请求参数
2020-12-03 15:57:19,819 autoNlpNew.py[line:75] INFO url = http://ai.haier.net:11000/access/ai-access/nlp?engine=x20&needcontent=yes
2020-12-03 15:57:19,819 autoNlpNew.py[line:76] INFO headers = {'Accept': '*/*', 'User-Agent': 'Mozilla/4.0', 'Content-Type': 'application/json;charset=utf-8', 'appid': 'MB-SDOT20-0000', 'appVersion': '2.5.37', 'clientid': 'ACB1EE302412', 'accessToken': 'TGT1GW0VX7W4U9SP2I0ZIDK1QRKIY0', 'sequenceId': '08002700DC94-15110519074300001', 'sign': 'fbd962ab1aa1c745eebf9b0c60c5c42f', 'timestamp': '20201203155719', 'language': 'zh-cn', 'timezone': '8', 'familyId': '640162750021000001', 'userId': '36427446', 'wakeupStat': 'yes'}
2020-12-03 15:57:19,819 autoNlpNew.py[line:77] INFO data = {"query": "\u6e29\u5ea6\u8df3\u523020\u5ea6"}
2020-12-03 15:57:20,469 autoNlpNew.py[line:85] INFO 请求返回的数据是： 
2020-12-03 15:57:20,469 autoNlpNew.py[line:86] INFO {"data":{"nlpResult":{"appVersion":"2.5.37","category":"command","correctedQuery":"","domain":"Dev.airConditioner","errorInfo":null,"isContinuousDialogue":false,"isDialog":false,"isMultiContinueDialog":"","isMultiDialogue":"","isQuitMultContinueDialog":"","moreDevice":false,"needBroadcast":false,"needCombineNLG":false,"nlpVersion":"jar.1.6.64-model.1.6.64-2020113001","parseStatus":true,"protocolVersion":"","quitContinuousDialogue":"","response":"设备的当前状态，无法执行该命令。","results":[{"dev":{"nickName":"空调","wifiType":"2008610800820324031200118006114500000000000000000000000000000040","name":"空调","id":"04FA83FC113F","type":"airConditioner","room":"客厅"},"params":{"temp":20.0,"nlpUuid":"b0adcf3e62ec11e78562080027247812","domain":"Dev.airConditioner","temperature":20.0,"errorCode":"0003","action":"setTemperature","room":"客厅"}}],"retStatus":0,"sync_tts":"","userQuery":"温度跳到20度","userQueryPinyin":""}},"response":"/ù设备的当前状态，无法执行该命令","retCode":"I00004-00004","retInfo":"/ù设备的当前状态，无法执行该命令","sn":"20201203155720488000260412","uSpanId":"","uTraceId":""}
2020-12-03 15:57:20,471 autoNlpNew.py[line:95] INFO 开始处理返回的数据
2020-12-03 15:57:20,471 autoNlpNew.py[line:97] ERROR 返回的数据: 
2020-12-03 15:57:20,471 autoNlpNew.py[line:98] INFO <Response [200]>
2020-12-03 15:58:53,426 autoNlpNew.py[line:51] INFO 开发发送语音接口请求
2020-12-03 15:58:53,426 autoNlpNew.py[line:52] INFO 发送的指令是: 温度跳到21度
2020-12-03 15:58:53,427 autoNlpNew.py[line:74] INFO 请求参数
2020-12-03 15:58:53,427 autoNlpNew.py[line:75] INFO url = http://ai.haier.net:11000/access/ai-access/nlp?engine=x20&needcontent=yes
2020-12-03 15:58:53,427 autoNlpNew.py[line:76] INFO headers = {'Accept': '*/*', 'User-Agent': 'Mozilla/4.0', 'Content-Type': 'application/json;charset=utf-8', 'appid': 'MB-SDOT20-0000', 'appVersion': '2.5.37', 'clientid': 'ACB1EE302412', 'accessToken': 'TGT1GW0VX7W4U9SP2I0ZIDK1QRKIY0', 'sequenceId': '08002700DC94-15110519074300001', 'sign': 'fbd962ab1aa1c745eebf9b0c60c5c42f', 'timestamp': '20201203155853', 'language': 'zh-cn', 'timezone': '8', 'familyId': '640162750021000001', 'userId': '36427446', 'wakeupStat': 'yes'}
2020-12-03 15:58:53,427 autoNlpNew.py[line:77] INFO data = {"query": "\u6e29\u5ea6\u8df3\u523021\u5ea6"}
2020-12-03 15:58:54,872 autoNlpNew.py[line:85] INFO 请求返回的数据是： 
2020-12-03 15:58:54,873 autoNlpNew.py[line:86] INFO {"data":{"nlpResult":{"appVersion":"2.5.37","category":"command","correctedQuery":"","domain":"Dev.airConditioner","errorInfo":null,"isContinuousDialogue":false,"isDialog":false,"isMultiContinueDialog":"","isMultiDialogue":"","isQuitMultContinueDialog":"","moreDevice":false,"needBroadcast":false,"needCombineNLG":false,"nlpVersion":"jar.1.6.64-model.1.6.64-2020113001","parseStatus":true,"protocolVersion":"","quitContinuousDialogue":"","response":"正在调节温度","results":[{"dev":{"nickName":"空调","wifiType":"2008610800820324031200118006114500000000000000000000000000000040","name":"空调","id":"04FA83FC113F","type":"airConditioner","room":"客厅"},"params":{"temp":21.0,"nlpUuid":"b0adcf3e62ec11e78562080027247812","domain":"Dev.airConditioner","temperature":21.0,"action":"setTemperature","room":"客厅"}}],"retStatus":0,"sync_tts":"客厅空调已设为21度","userQuery":"温度跳到21度","userQueryPinyin":""},"deviceStatus":{"deviceId":"04FA83FC113F","deviceType":"Dev.airConditioner","properties":[],"retCode":"","retInfo":""}},"response":"/ù正在调节温度","retCode":"00000","retInfo":"/ù正在调节温度","sn":"20201203155854089000495367","uSpanId":"","uTraceId":""}
2020-12-03 15:58:54,873 autoNlpNew.py[line:95] INFO 开始处理返回的数据
2020-12-03 15:58:54,873 autoNlpNew.py[line:97] ERROR 返回的数据: 
2020-12-03 15:58:54,873 autoNlpNew.py[line:98] INFO <Response [200]>
2020-12-03 15:59:03,458 autoNlpNew.py[line:51] INFO 开发发送语音接口请求
2020-12-03 15:59:03,458 autoNlpNew.py[line:52] INFO 发送的指令是: 温度跳到21度
2020-12-03 15:59:03,459 autoNlpNew.py[line:74] INFO 请求参数
2020-12-03 15:59:03,459 autoNlpNew.py[line:75] INFO url = http://ai.haier.net:11000/access/ai-access/nlp?engine=x20&needcontent=yes
2020-12-03 15:59:03,459 autoNlpNew.py[line:76] INFO headers = {'Accept': '*/*', 'User-Agent': 'Mozilla/4.0', 'Content-Type': 'application/json;charset=utf-8', 'appid': 'MB-SDOT20-0000', 'appVersion': '2.5.37', 'clientid': 'ACB1EE302412', 'accessToken': 'TGT1GW0VX7W4U9SP2I0ZIDK1QRKIY0', 'sequenceId': '08002700DC94-15110519074300001', 'sign': 'fbd962ab1aa1c745eebf9b0c60c5c42f', 'timestamp': '20201203155903', 'language': 'zh-cn', 'timezone': '8', 'familyId': '640162750021000001', 'userId': '36427446', 'wakeupStat': 'yes'}
2020-12-03 15:59:03,459 autoNlpNew.py[line:77] INFO data = {"query": "\u6e29\u5ea6\u8df3\u523021\u5ea6"}
2020-12-03 15:59:04,415 autoNlpNew.py[line:85] INFO 请求返回的数据是： 
2020-12-03 15:59:04,415 autoNlpNew.py[line:86] INFO {"data":{"nlpResult":{"appVersion":"2.5.37","category":"command","correctedQuery":"","domain":"Dev.airConditioner","errorInfo":null,"isContinuousDialogue":false,"isDialog":false,"isMultiContinueDialog":"","isMultiDialogue":"","isQuitMultContinueDialog":"","moreDevice":false,"needBroadcast":false,"needCombineNLG":false,"nlpVersion":"jar.1.6.64-model.1.6.64-2020113001","parseStatus":true,"protocolVersion":"","quitContinuousDialogue":"","response":"正在调节温度","results":[{"dev":{"nickName":"空调","wifiType":"2008610800820324031200118006114500000000000000000000000000000040","name":"空调","id":"04FA83FC113F","type":"airConditioner","room":"客厅"},"params":{"temp":21.0,"nlpUuid":"b0adcf3e62ec11e78562080027247812","domain":"Dev.airConditioner","temperature":21.0,"action":"setTemperature","room":"客厅"}}],"retStatus":0,"sync_tts":"客厅空调已设为21度","userQuery":"温度跳到21度","userQueryPinyin":""},"deviceStatus":{"deviceId":"04FA83FC113F","deviceType":"Dev.airConditioner","properties":[],"retCode":"","retInfo":""}},"response":"/ù正在调节温度","retCode":"00000","retInfo":"/ù正在调节温度","sn":"20201203155904126000164586","uSpanId":"","uTraceId":""}
2020-12-03 15:59:04,415 autoNlpNew.py[line:95] INFO 开始处理返回的数据
2020-12-03 15:59:04,415 autoNlpNew.py[line:97] ERROR 返回的数据: 
2020-12-03 15:59:04,415 autoNlpNew.py[line:98] INFO <Response [200]>
2020-12-03 16:00:20,455 autoNlpNew.py[line:51] INFO 开发发送语音接口请求
2020-12-03 16:00:20,455 autoNlpNew.py[line:52] INFO 发送的指令是: 温度跳到21度
2020-12-03 16:00:20,456 autoNlpNew.py[line:74] INFO 请求参数
2020-12-03 16:00:20,456 autoNlpNew.py[line:75] INFO url = http://ai.haier.net:11000/access/ai-access/nlp?engine=x20&needcontent=yes
2020-12-03 16:00:20,456 autoNlpNew.py[line:76] INFO headers = {'Accept': '*/*', 'User-Agent': 'Mozilla/4.0', 'Content-Type': 'application/json;charset=utf-8', 'appid': 'MB-SDOT20-0000', 'appVersion': '2.5.37', 'clientid': 'ACB1EE302412', 'accessToken': 'TGT1GW0VX7W4U9SP2I0ZIDK1QRKIY0', 'sequenceId': '08002700DC94-15110519074300001', 'sign': 'fbd962ab1aa1c745eebf9b0c60c5c42f', 'timestamp': '20201203160020', 'language': 'zh-cn', 'timezone': '8', 'familyId': '640162750021000001', 'userId': '36427446', 'wakeupStat': 'yes'}
2020-12-03 16:00:20,456 autoNlpNew.py[line:77] INFO data = {"query": "\u6e29\u5ea6\u8df3\u523021\u5ea6"}
2020-12-03 16:00:21,370 autoNlpNew.py[line:85] INFO 请求返回的数据是： 
2020-12-03 16:00:21,370 autoNlpNew.py[line:86] INFO {"data":{"nlpResult":{"appVersion":"2.5.37","category":"command","correctedQuery":"","domain":"Dev.airConditioner","errorInfo":null,"isContinuousDialogue":false,"isDialog":false,"isMultiContinueDialog":"","isMultiDialogue":"","isQuitMultContinueDialog":"","moreDevice":false,"needBroadcast":false,"needCombineNLG":false,"nlpVersion":"jar.1.6.64-model.1.6.64-2020113001","parseStatus":true,"protocolVersion":"","quitContinuousDialogue":"","response":"正在调节温度","results":[{"dev":{"nickName":"空调","wifiType":"2008610800820324031200118006114500000000000000000000000000000040","name":"空调","id":"04FA83FC113F","type":"airConditioner","room":"客厅"},"params":{"temp":21.0,"nlpUuid":"b0adcf3e62ec11e78562080027247812","domain":"Dev.airConditioner","temperature":21.0,"action":"setTemperature","room":"客厅"}}],"retStatus":0,"sync_tts":"客厅空调已设为21度","userQuery":"温度跳到21度","userQueryPinyin":""},"deviceStatus":{"deviceId":"04FA83FC113F","deviceType":"Dev.airConditioner","properties":[],"retCode":"","retInfo":""}},"response":"/ù正在调节温度","retCode":"00000","retInfo":"/ù正在调节温度","sn":"20201203160021060000521941","uSpanId":"","uTraceId":""}
2020-12-03 16:00:21,370 autoNlpNew.py[line:95] INFO 开始处理返回的数据
2020-12-03 16:00:21,370 autoNlpNew.py[line:107] INFO 返回的数据转成json格式: 
2020-12-03 16:00:21,371 autoNlpNew.py[line:108] INFO {'data': {'nlpResult': {'appVersion': '2.5.37', 'category': 'command', 'correctedQuery': '', 'domain': 'Dev.airConditioner', 'errorInfo': None, 'isContinuousDialogue': False, 'isDialog': False, 'isMultiContinueDialog': '', 'isMultiDialogue': '', 'isQuitMultContinueDialog': '', 'moreDevice': False, 'needBroadcast': False, 'needCombineNLG': False, 'nlpVersion': 'jar.1.6.64-model.1.6.64-2020113001', 'parseStatus': True, 'protocolVersion': '', 'quitContinuousDialogue': '', 'response': '正在调节温度', 'results': [{'dev': {'nickName': '空调', 'wifiType': '2008610800820324031200118006114500000000000000000000000000000040', 'name': '空调', 'id': '04FA83FC113F', 'type': 'airConditioner', 'room': '客厅'}, 'params': {'temp': 21.0, 'nlpUuid': 'b0adcf3e62ec11e78562080027247812', 'domain': 'Dev.airConditioner', 'temperature': 21.0, 'action': 'setTemperature', 'room': '客厅'}}], 'retStatus': 0, 'sync_tts': '客厅空调已设为21度', 'userQuery': '温度跳到21度', 'userQueryPinyin': ''}, 'deviceStatus': {'deviceId': '04FA83FC113F', 'deviceType': 'Dev.airConditioner', 'properties': [], 'retCode': '', 'retInfo': ''}}, 'response': '/ù正在调节温度', 'retCode': '00000', 'retInfo': '/ù正在调节温度', 'sn': '20201203160021060000521941', 'uSpanId': '', 'uTraceId': ''}
2020-12-03 17:19:31,576 autoNlpNew.py[line:52] INFO 开发发送语音接口请求
2020-12-03 17:19:31,594 autoNlpNew.py[line:53] INFO 发送的指令是: 温度跳到21度
2020-12-03 17:19:31,603 autoNlpNew.py[line:75] INFO 请求参数
2020-12-03 17:19:31,603 autoNlpNew.py[line:76] INFO url = http://ai.haier.net:11000/access/ai-access/nlp?engine=x20&needcontent=yes
2020-12-03 17:19:31,603 autoNlpNew.py[line:77] INFO headers = {'Accept': '*/*', 'User-Agent': 'Mozilla/4.0', 'Content-Type': 'application/json;charset=utf-8', 'appid': 'MB-SDOT20-0000', 'appVersion': '2.5.37', 'clientid': 'ACB1EE302412', 'accessToken': 'TGT1GW0VX7W4U9SP2I0ZIDK1QRKIY0', 'sequenceId': '08002700DC94-15110519074300001', 'sign': 'fbd962ab1aa1c745eebf9b0c60c5c42f', 'timestamp': '20201203171931', 'language': 'zh-cn', 'timezone': '8', 'familyId': '640162750021000001', 'userId': '36427446', 'wakeupStat': 'yes'}
2020-12-03 17:19:31,603 autoNlpNew.py[line:78] INFO data = {"query": "\u6e29\u5ea6\u8df3\u523021\u5ea6"}
2020-12-03 17:19:32,816 autoNlpNew.py[line:86] INFO 请求返回的数据是： 
2020-12-03 17:19:32,816 autoNlpNew.py[line:87] INFO {"data":{"nlpResult":{"appVersion":"2.5.37","category":"command","correctedQuery":"","domain":"Dev.airConditioner","errorInfo":null,"isContinuousDialogue":false,"isDialog":false,"isMultiContinueDialog":"","isMultiDialogue":"","isQuitMultContinueDialog":"","moreDevice":false,"needBroadcast":false,"needCombineNLG":false,"nlpVersion":"jar.1.6.64-model.1.6.64-2020113001","parseStatus":true,"protocolVersion":"","quitContinuousDialogue":"","response":"正在调节温度","results":[{"dev":{"nickName":"空调","wifiType":"2008610800820324031200118006114500000000000000000000000000000040","name":"空调","id":"04FA83FC113F","type":"airConditioner","room":"客厅"},"params":{"temp":21.0,"nlpUuid":"b0adcf3e62ec11e78562080027247812","domain":"Dev.airConditioner","temperature":21.0,"action":"setTemperature","room":"客厅"}}],"retStatus":0,"sync_tts":"客厅空调已设为21度","userQuery":"温度跳到21度","userQueryPinyin":""},"deviceStatus":{"deviceId":"04FA83FC113F","deviceType":"Dev.airConditioner","properties":[],"retCode":"","retInfo":""}},"response":"/ù正在调节温度","retCode":"00000","retInfo":"/ù正在调节温度","sn":"20201203171932386000557929","uSpanId":"","uTraceId":""}
2020-12-03 17:19:32,817 autoNlpNew.py[line:96] INFO 开始处理返回的数据
2020-12-03 17:19:32,817 autoNlpNew.py[line:108] INFO 返回的数据转成json格式: 
2020-12-03 17:19:32,817 autoNlpNew.py[line:109] INFO {'data': {'nlpResult': {'appVersion': '2.5.37', 'category': 'command', 'correctedQuery': '', 'domain': 'Dev.airConditioner', 'errorInfo': None, 'isContinuousDialogue': False, 'isDialog': False, 'isMultiContinueDialog': '', 'isMultiDialogue': '', 'isQuitMultContinueDialog': '', 'moreDevice': False, 'needBroadcast': False, 'needCombineNLG': False, 'nlpVersion': 'jar.1.6.64-model.1.6.64-2020113001', 'parseStatus': True, 'protocolVersion': '', 'quitContinuousDialogue': '', 'response': '正在调节温度', 'results': [{'dev': {'nickName': '空调', 'wifiType': '2008610800820324031200118006114500000000000000000000000000000040', 'name': '空调', 'id': '04FA83FC113F', 'type': 'airConditioner', 'room': '客厅'}, 'params': {'temp': 21.0, 'nlpUuid': 'b0adcf3e62ec11e78562080027247812', 'domain': 'Dev.airConditioner', 'temperature': 21.0, 'action': 'setTemperature', 'room': '客厅'}}], 'retStatus': 0, 'sync_tts': '客厅空调已设为21度', 'userQuery': '温度跳到21度', 'userQueryPinyin': ''}, 'deviceStatus': {'deviceId': '04FA83FC113F', 'deviceType': 'Dev.airConditioner', 'properties': [], 'retCode': '', 'retInfo': ''}}, 'response': '/ù正在调节温度', 'retCode': '00000', 'retInfo': '/ù正在调节温度', 'sn': '20201203171932386000557929', 'uSpanId': '', 'uTraceId': ''}
2020-12-03 17:19:32,818 autoNlpNew.py[line:121] INFO 获取result_dev参数
2020-12-03 17:19:32,818 autoNlpNew.py[line:122] INFO {'nickName': '空调', 'wifiType': '2008610800820324031200118006114500000000000000000000000000000040', 'name': '空调', 'id': '04FA83FC113F', 'type': 'airConditioner', 'room': '客厅'}
2020-12-03 17:19:32,818 autoNlpNew.py[line:27] INFO 合并字典
2020-12-03 17:19:32,818 autoNlpNew.py[line:131] INFO 获取result_params
2020-12-03 17:19:32,818 autoNlpNew.py[line:132] INFO {'temp': 21.0, 'nlpUuid': 'b0adcf3e62ec11e78562080027247812', 'domain': 'Dev.airConditioner', 'temperature': 21.0, 'action': 'setTemperature', 'room': '客厅'}
2020-12-03 17:19:32,818 autoNlpNew.py[line:27] INFO 合并字典
2020-12-03 17:19:32,818 autoNlpNew.py[line:142] INFO 获取category参数
2020-12-03 17:19:32,818 autoNlpNew.py[line:143] INFO command
2020-12-03 17:19:32,818 autoNlpNew.py[line:152] INFO 获取domain参数
2020-12-03 17:19:32,818 autoNlpNew.py[line:153] INFO Dev.airConditioner
2020-12-03 17:19:32,818 autoNlpNew.py[line:162] INFO 获取dev_nickName参数: 
2020-12-03 17:19:32,818 autoNlpNew.py[line:163] INFO 空调
2020-12-03 17:19:32,818 autoNlpNew.py[line:172] INFO 获取dev_name参数
2020-12-03 17:19:32,819 autoNlpNew.py[line:173] INFO 空调
2020-12-03 17:19:32,820 autoNlpNew.py[line:189] INFO 获取params_action
2020-12-03 17:19:32,820 autoNlpNew.py[line:190] INFO setTemperature
2020-12-03 17:19:50,349 autoNlpNew.py[line:52] INFO 开发发送语音接口请求
2020-12-03 17:19:50,350 autoNlpNew.py[line:53] INFO 发送的指令是: 温度跳到24度
2020-12-03 17:19:50,350 autoNlpNew.py[line:75] INFO 请求参数
2020-12-03 17:19:50,350 autoNlpNew.py[line:76] INFO url = http://ai.haier.net:11000/access/ai-access/nlp?engine=x20&needcontent=yes
2020-12-03 17:19:50,351 autoNlpNew.py[line:77] INFO headers = {'Accept': '*/*', 'User-Agent': 'Mozilla/4.0', 'Content-Type': 'application/json;charset=utf-8', 'appid': 'MB-SDOT20-0000', 'appVersion': '2.5.37', 'clientid': 'ACB1EE302412', 'accessToken': 'TGT1GW0VX7W4U9SP2I0ZIDK1QRKIY0', 'sequenceId': '08002700DC94-15110519074300001', 'sign': 'fbd962ab1aa1c745eebf9b0c60c5c42f', 'timestamp': '20201203171950', 'language': 'zh-cn', 'timezone': '8', 'familyId': '640162750021000001', 'userId': '36427446', 'wakeupStat': 'yes'}
2020-12-03 17:19:50,351 autoNlpNew.py[line:78] INFO data = {"query": "\u6e29\u5ea6\u8df3\u523024\u5ea6"}
2020-12-03 17:19:52,011 autoNlpNew.py[line:86] INFO 请求返回的数据是： 
2020-12-03 17:19:52,011 autoNlpNew.py[line:87] INFO {"data":{"nlpResult":{"appVersion":"2.5.37","category":"command","correctedQuery":"","domain":"Dev.airConditioner","errorInfo":null,"isContinuousDialogue":false,"isDialog":false,"isMultiContinueDialog":"","isMultiDialogue":"","isQuitMultContinueDialog":"","moreDevice":false,"needBroadcast":false,"needCombineNLG":false,"nlpVersion":"jar.1.6.64-model.1.6.64-2020113001","parseStatus":true,"protocolVersion":"","quitContinuousDialogue":"","response":"正在调节温度","results":[{"dev":{"nickName":"空调","wifiType":"2008610800820324031200118006114500000000000000000000000000000040","name":"空调","id":"04FA83FC113F","type":"airConditioner","room":"客厅"},"params":{"temp":24.0,"nlpUuid":"b0adcf3e62ec11e78562080027247812","domain":"Dev.airConditioner","temperature":24.0,"action":"setTemperature","room":"客厅"}}],"retStatus":0,"sync_tts":"客厅空调已设为24度","userQuery":"温度跳到24度","userQueryPinyin":""},"deviceStatus":{"deviceId":"04FA83FC113F","deviceType":"Dev.airConditioner","properties":[],"retCode":"","retInfo":""}},"response":"/ù正在调节温度","retCode":"00000","retInfo":"/ù正在调节温度","sn":"20201203171951078000708198","uSpanId":"","uTraceId":""}
2020-12-03 17:19:52,011 autoNlpNew.py[line:96] INFO 开始处理返回的数据
2020-12-03 17:19:52,011 autoNlpNew.py[line:108] INFO 返回的数据转成json格式: 
2020-12-03 17:19:52,011 autoNlpNew.py[line:109] INFO {'data': {'nlpResult': {'appVersion': '2.5.37', 'category': 'command', 'correctedQuery': '', 'domain': 'Dev.airConditioner', 'errorInfo': None, 'isContinuousDialogue': False, 'isDialog': False, 'isMultiContinueDialog': '', 'isMultiDialogue': '', 'isQuitMultContinueDialog': '', 'moreDevice': False, 'needBroadcast': False, 'needCombineNLG': False, 'nlpVersion': 'jar.1.6.64-model.1.6.64-2020113001', 'parseStatus': True, 'protocolVersion': '', 'quitContinuousDialogue': '', 'response': '正在调节温度', 'results': [{'dev': {'nickName': '空调', 'wifiType': '2008610800820324031200118006114500000000000000000000000000000040', 'name': '空调', 'id': '04FA83FC113F', 'type': 'airConditioner', 'room': '客厅'}, 'params': {'temp': 24.0, 'nlpUuid': 'b0adcf3e62ec11e78562080027247812', 'domain': 'Dev.airConditioner', 'temperature': 24.0, 'action': 'setTemperature', 'room': '客厅'}}], 'retStatus': 0, 'sync_tts': '客厅空调已设为24度', 'userQuery': '温度跳到24度', 'userQueryPinyin': ''}, 'deviceStatus': {'deviceId': '04FA83FC113F', 'deviceType': 'Dev.airConditioner', 'properties': [], 'retCode': '', 'retInfo': ''}}, 'response': '/ù正在调节温度', 'retCode': '00000', 'retInfo': '/ù正在调节温度', 'sn': '20201203171951078000708198', 'uSpanId': '', 'uTraceId': ''}
2020-12-03 17:19:52,011 autoNlpNew.py[line:121] INFO 获取result_dev参数
2020-12-03 17:19:52,011 autoNlpNew.py[line:122] INFO {'nickName': '空调', 'wifiType': '2008610800820324031200118006114500000000000000000000000000000040', 'name': '空调', 'id': '04FA83FC113F', 'type': 'airConditioner', 'room': '客厅'}
2020-12-03 17:19:52,011 autoNlpNew.py[line:27] INFO 合并字典
2020-12-03 17:19:52,011 autoNlpNew.py[line:131] INFO 获取result_params
2020-12-03 17:19:52,012 autoNlpNew.py[line:132] INFO {'temp': 24.0, 'nlpUuid': 'b0adcf3e62ec11e78562080027247812', 'domain': 'Dev.airConditioner', 'temperature': 24.0, 'action': 'setTemperature', 'room': '客厅'}
2020-12-03 17:19:52,012 autoNlpNew.py[line:27] INFO 合并字典
2020-12-03 17:19:52,012 autoNlpNew.py[line:142] INFO 获取category参数
2020-12-03 17:19:52,012 autoNlpNew.py[line:143] INFO command
2020-12-03 17:19:52,012 autoNlpNew.py[line:152] INFO 获取domain参数
2020-12-03 17:19:52,012 autoNlpNew.py[line:153] INFO Dev.airConditioner
2020-12-03 17:19:52,012 autoNlpNew.py[line:162] INFO 获取dev_nickName参数: 
2020-12-03 17:19:52,012 autoNlpNew.py[line:163] INFO 空调
2020-12-03 17:19:52,012 autoNlpNew.py[line:172] INFO 获取dev_name参数
2020-12-03 17:19:52,012 autoNlpNew.py[line:173] INFO 空调
2020-12-03 17:19:52,012 autoNlpNew.py[line:189] INFO 获取params_action
2020-12-03 17:19:52,012 autoNlpNew.py[line:190] INFO setTemperature
2020-12-03 17:20:47,667 autoNlpNew.py[line:52] INFO 开发发送语音接口请求
2020-12-03 17:20:47,667 autoNlpNew.py[line:53] INFO 发送的指令是: 温度跳到24度
2020-12-03 17:20:47,668 autoNlpNew.py[line:75] INFO 请求参数
2020-12-03 17:20:47,668 autoNlpNew.py[line:76] INFO url = http://ai.haier.net:11000/access/ai-access/nlp?engine=x20&needcontent=yes
2020-12-03 17:20:47,668 autoNlpNew.py[line:77] INFO headers = {'Accept': '*/*', 'User-Agent': 'Mozilla/4.0', 'Content-Type': 'application/json;charset=utf-8', 'appid': 'MB-SDOT20-0000', 'appVersion': '2.5.37', 'clientid': 'ACB1EE302412', 'accessToken': 'TGT1GW0VX7W4U9SP2I0ZIDK1QRKIY0', 'sequenceId': '08002700DC94-15110519074300001', 'sign': 'fbd962ab1aa1c745eebf9b0c60c5c42f', 'timestamp': '20201203172047', 'language': 'zh-cn', 'timezone': '8', 'familyId': '640162750021000001', 'userId': '36427446', 'wakeupStat': 'yes'}
2020-12-03 17:20:47,668 autoNlpNew.py[line:78] INFO data = {"query": "\u6e29\u5ea6\u8df3\u523024\u5ea6"}
2020-12-03 17:20:48,628 autoNlpNew.py[line:86] INFO 请求返回的数据是： 
2020-12-03 17:20:48,628 autoNlpNew.py[line:87] INFO {"data":{"nlpResult":{"appVersion":"2.5.37","category":"command","correctedQuery":"","domain":"Dev.airConditioner","errorInfo":null,"isContinuousDialogue":false,"isDialog":false,"isMultiContinueDialog":"","isMultiDialogue":"","isQuitMultContinueDialog":"","moreDevice":false,"needBroadcast":false,"needCombineNLG":false,"nlpVersion":"jar.1.6.64-model.1.6.64-2020113001","parseStatus":true,"protocolVersion":"","quitContinuousDialogue":"","response":"设备好像没有这个功能哦，换个说法，再召唤我一次吧","results":[{"dev":{"nickName":"空调","wifiType":"2008610800820324031200118006114500000000000000000000000000000040","name":"空调","id":"04FA83FC113F","type":"airConditioner","room":"客厅"},"params":{"temp":24.0,"nlpUuid":"b0adcf3e62ec11e78562080027247812","domain":"Dev.airConditioner","temperature":24.0,"errorCode":"0003","action":"setTemperature","room":"客厅"}}],"retStatus":0,"sync_tts":"","userQuery":"温度跳到24度","userQueryPinyin":""}},"response":"/ù设备好像没有这个功能哦，换个说法，/ù再召唤我一次吧","retCode":"I00004-00004","retInfo":"/ù设备好像没有这个功能哦，换个说法，/ù再召唤我一次吧","sn":"20201203172048530000564816","uSpanId":"","uTraceId":""}
2020-12-03 17:20:48,628 autoNlpNew.py[line:96] INFO 开始处理返回的数据
2020-12-03 17:20:48,628 autoNlpNew.py[line:108] INFO 返回的数据转成json格式: 
2020-12-03 17:20:48,628 autoNlpNew.py[line:109] INFO {'data': {'nlpResult': {'appVersion': '2.5.37', 'category': 'command', 'correctedQuery': '', 'domain': 'Dev.airConditioner', 'errorInfo': None, 'isContinuousDialogue': False, 'isDialog': False, 'isMultiContinueDialog': '', 'isMultiDialogue': '', 'isQuitMultContinueDialog': '', 'moreDevice': False, 'needBroadcast': False, 'needCombineNLG': False, 'nlpVersion': 'jar.1.6.64-model.1.6.64-2020113001', 'parseStatus': True, 'protocolVersion': '', 'quitContinuousDialogue': '', 'response': '设备好像没有这个功能哦，换个说法，再召唤我一次吧', 'results': [{'dev': {'nickName': '空调', 'wifiType': '2008610800820324031200118006114500000000000000000000000000000040', 'name': '空调', 'id': '04FA83FC113F', 'type': 'airConditioner', 'room': '客厅'}, 'params': {'temp': 24.0, 'nlpUuid': 'b0adcf3e62ec11e78562080027247812', 'domain': 'Dev.airConditioner', 'temperature': 24.0, 'errorCode': '0003', 'action': 'setTemperature', 'room': '客厅'}}], 'retStatus': 0, 'sync_tts': '', 'userQuery': '温度跳到24度', 'userQueryPinyin': ''}}, 'response': '/ù设备好像没有这个功能哦，换个说法，/ù再召唤我一次吧', 'retCode': 'I00004-00004', 'retInfo': '/ù设备好像没有这个功能哦，换个说法，/ù再召唤我一次吧', 'sn': '20201203172048530000564816', 'uSpanId': '', 'uTraceId': ''}
2020-12-03 17:20:48,685 autoNlpNew.py[line:121] INFO 获取result_dev参数
2020-12-03 17:20:48,685 autoNlpNew.py[line:122] INFO {'nickName': '空调', 'wifiType': '2008610800820324031200118006114500000000000000000000000000000040', 'name': '空调', 'id': '04FA83FC113F', 'type': 'airConditioner', 'room': '客厅'}
2020-12-03 17:20:48,685 autoNlpNew.py[line:27] INFO 合并字典
2020-12-03 17:20:48,686 autoNlpNew.py[line:131] INFO 获取result_params
2020-12-03 17:20:48,686 autoNlpNew.py[line:132] INFO {'temp': 24.0, 'nlpUuid': 'b0adcf3e62ec11e78562080027247812', 'domain': 'Dev.airConditioner', 'temperature': 24.0, 'errorCode': '0003', 'action': 'setTemperature', 'room': '客厅'}
2020-12-03 17:20:48,686 autoNlpNew.py[line:27] INFO 合并字典
2020-12-03 17:20:48,686 autoNlpNew.py[line:142] INFO 获取category参数
2020-12-03 17:20:48,686 autoNlpNew.py[line:143] INFO command
2020-12-03 17:20:48,686 autoNlpNew.py[line:152] INFO 获取domain参数
2020-12-03 17:20:48,686 autoNlpNew.py[line:153] INFO Dev.airConditioner
2020-12-03 17:20:48,687 autoNlpNew.py[line:162] INFO 获取dev_nickName参数: 
2020-12-03 17:20:48,687 autoNlpNew.py[line:163] INFO 空调
2020-12-03 17:20:48,687 autoNlpNew.py[line:172] INFO 获取dev_name参数
2020-12-03 17:20:48,687 autoNlpNew.py[line:173] INFO 空调
2020-12-03 17:20:48,687 autoNlpNew.py[line:189] INFO 获取params_action
2020-12-03 17:20:48,687 autoNlpNew.py[line:190] INFO setTemperature
2020-12-03 17:20:59,202 autoNlpNew.py[line:52] INFO 开发发送语音接口请求
2020-12-03 17:20:59,202 autoNlpNew.py[line:53] INFO 发送的指令是: 温度跳到27度
2020-12-03 17:20:59,203 autoNlpNew.py[line:75] INFO 请求参数
2020-12-03 17:20:59,203 autoNlpNew.py[line:76] INFO url = http://ai.haier.net:11000/access/ai-access/nlp?engine=x20&needcontent=yes
2020-12-03 17:20:59,203 autoNlpNew.py[line:77] INFO headers = {'Accept': '*/*', 'User-Agent': 'Mozilla/4.0', 'Content-Type': 'application/json;charset=utf-8', 'appid': 'MB-SDOT20-0000', 'appVersion': '2.5.37', 'clientid': 'ACB1EE302412', 'accessToken': 'TGT1GW0VX7W4U9SP2I0ZIDK1QRKIY0', 'sequenceId': '08002700DC94-15110519074300001', 'sign': 'fbd962ab1aa1c745eebf9b0c60c5c42f', 'timestamp': '20201203172059', 'language': 'zh-cn', 'timezone': '8', 'familyId': '640162750021000001', 'userId': '36427446', 'wakeupStat': 'yes'}
2020-12-03 17:20:59,203 autoNlpNew.py[line:78] INFO data = {"query": "\u6e29\u5ea6\u8df3\u523027\u5ea6"}
2020-12-03 17:21:00,906 autoNlpNew.py[line:86] INFO 请求返回的数据是： 
2020-12-03 17:21:00,907 autoNlpNew.py[line:87] INFO {"data":{"nlpResult":{"appVersion":"2.5.37","category":"command","correctedQuery":"","domain":"Dev.airConditioner","errorInfo":null,"isContinuousDialogue":false,"isDialog":false,"isMultiContinueDialog":"","isMultiDialogue":"","isQuitMultContinueDialog":"","moreDevice":false,"needBroadcast":false,"needCombineNLG":false,"nlpVersion":"jar.1.6.64-model.1.6.64-2020113001","parseStatus":true,"protocolVersion":"","quitContinuousDialogue":"","response":"设备好像没有这个功能哦，换个说法，再召唤我一次吧","results":[{"dev":{"nickName":"空调","wifiType":"2008610800820324031200118006114500000000000000000000000000000040","name":"空调","id":"04FA83FC113F","type":"airConditioner","room":"客厅"},"params":{"temp":27.0,"nlpUuid":"b0adcf3e62ec11e78562080027247812","domain":"Dev.airConditioner","temperature":27.0,"errorCode":"0003","action":"setTemperature","room":"客厅"}}],"retStatus":0,"sync_tts":"","userQuery":"温度跳到27度","userQueryPinyin":""}},"response":"/ù设备好像没有这个功能哦，换个说法，/ù再召唤我一次吧","retCode":"I00004-00004","retInfo":"/ù设备好像没有这个功能哦，换个说法，/ù再召唤我一次吧","sn":"20201203172100477000386690","uSpanId":"","uTraceId":""}
2020-12-03 17:21:00,907 autoNlpNew.py[line:96] INFO 开始处理返回的数据
2020-12-03 17:21:00,907 autoNlpNew.py[line:108] INFO 返回的数据转成json格式: 
2020-12-03 17:21:00,907 autoNlpNew.py[line:109] INFO {'data': {'nlpResult': {'appVersion': '2.5.37', 'category': 'command', 'correctedQuery': '', 'domain': 'Dev.airConditioner', 'errorInfo': None, 'isContinuousDialogue': False, 'isDialog': False, 'isMultiContinueDialog': '', 'isMultiDialogue': '', 'isQuitMultContinueDialog': '', 'moreDevice': False, 'needBroadcast': False, 'needCombineNLG': False, 'nlpVersion': 'jar.1.6.64-model.1.6.64-2020113001', 'parseStatus': True, 'protocolVersion': '', 'quitContinuousDialogue': '', 'response': '设备好像没有这个功能哦，换个说法，再召唤我一次吧', 'results': [{'dev': {'nickName': '空调', 'wifiType': '2008610800820324031200118006114500000000000000000000000000000040', 'name': '空调', 'id': '04FA83FC113F', 'type': 'airConditioner', 'room': '客厅'}, 'params': {'temp': 27.0, 'nlpUuid': 'b0adcf3e62ec11e78562080027247812', 'domain': 'Dev.airConditioner', 'temperature': 27.0, 'errorCode': '0003', 'action': 'setTemperature', 'room': '客厅'}}], 'retStatus': 0, 'sync_tts': '', 'userQuery': '温度跳到27度', 'userQueryPinyin': ''}}, 'response': '/ù设备好像没有这个功能哦，换个说法，/ù再召唤我一次吧', 'retCode': 'I00004-00004', 'retInfo': '/ù设备好像没有这个功能哦，换个说法，/ù再召唤我一次吧', 'sn': '20201203172100477000386690', 'uSpanId': '', 'uTraceId': ''}
2020-12-03 17:21:00,907 autoNlpNew.py[line:121] INFO 获取result_dev参数
2020-12-03 17:21:00,907 autoNlpNew.py[line:122] INFO {'nickName': '空调', 'wifiType': '2008610800820324031200118006114500000000000000000000000000000040', 'name': '空调', 'id': '04FA83FC113F', 'type': 'airConditioner', 'room': '客厅'}
2020-12-03 17:21:00,907 autoNlpNew.py[line:27] INFO 合并字典
2020-12-03 17:21:00,907 autoNlpNew.py[line:131] INFO 获取result_params
2020-12-03 17:21:00,907 autoNlpNew.py[line:132] INFO {'temp': 27.0, 'nlpUuid': 'b0adcf3e62ec11e78562080027247812', 'domain': 'Dev.airConditioner', 'temperature': 27.0, 'errorCode': '0003', 'action': 'setTemperature', 'room': '客厅'}
2020-12-03 17:21:00,907 autoNlpNew.py[line:27] INFO 合并字典
2020-12-03 17:21:00,908 autoNlpNew.py[line:142] INFO 获取category参数
2020-12-03 17:21:00,908 autoNlpNew.py[line:143] INFO command
2020-12-03 17:21:00,908 autoNlpNew.py[line:152] INFO 获取domain参数
2020-12-03 17:21:00,908 autoNlpNew.py[line:153] INFO Dev.airConditioner
2020-12-03 17:21:00,908 autoNlpNew.py[line:162] INFO 获取dev_nickName参数: 
2020-12-03 17:21:00,908 autoNlpNew.py[line:163] INFO 空调
2020-12-03 17:21:00,908 autoNlpNew.py[line:172] INFO 获取dev_name参数
2020-12-03 17:21:00,908 autoNlpNew.py[line:173] INFO 空调
2020-12-03 17:21:00,908 autoNlpNew.py[line:189] INFO 获取params_action
2020-12-03 17:21:00,908 autoNlpNew.py[line:190] INFO setTemperature
2020-12-03 17:21:11,642 autoNlpNew.py[line:52] INFO 开发发送语音接口请求
2020-12-03 17:21:11,642 autoNlpNew.py[line:53] INFO 发送的指令是: 温度跳到27度
2020-12-03 17:21:11,643 autoNlpNew.py[line:75] INFO 请求参数
2020-12-03 17:21:11,643 autoNlpNew.py[line:76] INFO url = http://ai.haier.net:11000/access/ai-access/nlp?engine=x20&needcontent=yes
2020-12-03 17:21:11,643 autoNlpNew.py[line:77] INFO headers = {'Accept': '*/*', 'User-Agent': 'Mozilla/4.0', 'Content-Type': 'application/json;charset=utf-8', 'appid': 'MB-SDOT20-0000', 'appVersion': '2.5.37', 'clientid': 'ACB1EE302412', 'accessToken': 'TGT1GW0VX7W4U9SP2I0ZIDK1QRKIY0', 'sequenceId': '08002700DC94-15110519074300001', 'sign': 'fbd962ab1aa1c745eebf9b0c60c5c42f', 'timestamp': '20201203172111', 'language': 'zh-cn', 'timezone': '8', 'familyId': '640162750021000001', 'userId': '36427446', 'wakeupStat': 'yes'}
2020-12-03 17:21:11,644 autoNlpNew.py[line:78] INFO data = {"query": "\u6e29\u5ea6\u8df3\u523027\u5ea6"}
2020-12-03 17:21:14,195 autoNlpNew.py[line:86] INFO 请求返回的数据是： 
2020-12-03 17:21:14,195 autoNlpNew.py[line:87] INFO {"data":{"nlpResult":{"appVersion":"2.5.37","category":"command","correctedQuery":"","domain":"Dev.airConditioner","errorInfo":null,"isContinuousDialogue":false,"isDialog":false,"isMultiContinueDialog":"","isMultiDialogue":"","isQuitMultContinueDialog":"","moreDevice":false,"needBroadcast":false,"needCombineNLG":false,"nlpVersion":"jar.1.6.64-model.1.6.64-2020113001","parseStatus":true,"protocolVersion":"","quitContinuousDialogue":"","response":"设备好像没有这个功能哦，换个说法，再召唤我一次吧","results":[{"dev":{"nickName":"空调","wifiType":"2008610800820324031200118006114500000000000000000000000000000040","name":"空调","id":"04FA83FC113F","type":"airConditioner","room":"客厅"},"params":{"temp":27.0,"nlpUuid":"b0adcf3e62ec11e78562080027247812","domain":"Dev.airConditioner","temperature":27.0,"errorCode":"0003","action":"setTemperature","room":"客厅"}}],"retStatus":0,"sync_tts":"","userQuery":"温度跳到27度","userQueryPinyin":""}},"response":"/ù设备好像没有这个功能哦，换个说法，/ù再召唤我一次吧","retCode":"I00004-00004","retInfo":"/ù设备好像没有这个功能哦，换个说法，/ù再召唤我一次吧","sn":"20201203172112580000927750","uSpanId":"","uTraceId":""}
2020-12-03 17:21:14,196 autoNlpNew.py[line:96] INFO 开始处理返回的数据
2020-12-03 17:21:14,196 autoNlpNew.py[line:108] INFO 返回的数据转成json格式: 
2020-12-03 17:21:14,196 autoNlpNew.py[line:109] INFO {'data': {'nlpResult': {'appVersion': '2.5.37', 'category': 'command', 'correctedQuery': '', 'domain': 'Dev.airConditioner', 'errorInfo': None, 'isContinuousDialogue': False, 'isDialog': False, 'isMultiContinueDialog': '', 'isMultiDialogue': '', 'isQuitMultContinueDialog': '', 'moreDevice': False, 'needBroadcast': False, 'needCombineNLG': False, 'nlpVersion': 'jar.1.6.64-model.1.6.64-2020113001', 'parseStatus': True, 'protocolVersion': '', 'quitContinuousDialogue': '', 'response': '设备好像没有这个功能哦，换个说法，再召唤我一次吧', 'results': [{'dev': {'nickName': '空调', 'wifiType': '2008610800820324031200118006114500000000000000000000000000000040', 'name': '空调', 'id': '04FA83FC113F', 'type': 'airConditioner', 'room': '客厅'}, 'params': {'temp': 27.0, 'nlpUuid': 'b0adcf3e62ec11e78562080027247812', 'domain': 'Dev.airConditioner', 'temperature': 27.0, 'errorCode': '0003', 'action': 'setTemperature', 'room': '客厅'}}], 'retStatus': 0, 'sync_tts': '', 'userQuery': '温度跳到27度', 'userQueryPinyin': ''}}, 'response': '/ù设备好像没有这个功能哦，换个说法，/ù再召唤我一次吧', 'retCode': 'I00004-00004', 'retInfo': '/ù设备好像没有这个功能哦，换个说法，/ù再召唤我一次吧', 'sn': '20201203172112580000927750', 'uSpanId': '', 'uTraceId': ''}
2020-12-03 17:21:14,196 autoNlpNew.py[line:121] INFO 获取result_dev参数
2020-12-03 17:21:14,196 autoNlpNew.py[line:122] INFO {'nickName': '空调', 'wifiType': '2008610800820324031200118006114500000000000000000000000000000040', 'name': '空调', 'id': '04FA83FC113F', 'type': 'airConditioner', 'room': '客厅'}
2020-12-03 17:21:14,196 autoNlpNew.py[line:27] INFO 合并字典
2020-12-03 17:21:14,196 autoNlpNew.py[line:131] INFO 获取result_params
2020-12-03 17:21:14,196 autoNlpNew.py[line:132] INFO {'temp': 27.0, 'nlpUuid': 'b0adcf3e62ec11e78562080027247812', 'domain': 'Dev.airConditioner', 'temperature': 27.0, 'errorCode': '0003', 'action': 'setTemperature', 'room': '客厅'}
2020-12-03 17:21:14,196 autoNlpNew.py[line:27] INFO 合并字典
2020-12-03 17:21:14,196 autoNlpNew.py[line:142] INFO 获取category参数
2020-12-03 17:21:14,196 autoNlpNew.py[line:143] INFO command
2020-12-03 17:21:14,196 autoNlpNew.py[line:152] INFO 获取domain参数
2020-12-03 17:21:14,196 autoNlpNew.py[line:153] INFO Dev.airConditioner
2020-12-03 17:21:14,196 autoNlpNew.py[line:162] INFO 获取dev_nickName参数: 
2020-12-03 17:21:14,197 autoNlpNew.py[line:163] INFO 空调
2020-12-03 17:21:14,197 autoNlpNew.py[line:172] INFO 获取dev_name参数
2020-12-03 17:21:14,197 autoNlpNew.py[line:173] INFO 空调
2020-12-03 17:21:14,197 autoNlpNew.py[line:189] INFO 获取params_action
2020-12-03 17:21:14,197 autoNlpNew.py[line:190] INFO setTemperature
2020-12-03 17:21:52,888 autoNlpNew.py[line:52] INFO 开发发送语音接口请求
2020-12-03 17:21:52,888 autoNlpNew.py[line:53] INFO 发送的指令是: 温度跳到27度
2020-12-03 17:21:52,889 autoNlpNew.py[line:75] INFO 请求参数
2020-12-03 17:21:52,889 autoNlpNew.py[line:76] INFO url = http://ai.haier.net:11000/access/ai-access/nlp?engine=x20&needcontent=yes
2020-12-03 17:21:52,889 autoNlpNew.py[line:77] INFO headers = {'Accept': '*/*', 'User-Agent': 'Mozilla/4.0', 'Content-Type': 'application/json;charset=utf-8', 'appid': 'MB-SDOT20-0000', 'appVersion': '2.5.37', 'clientid': 'ACB1EE302412', 'accessToken': 'TGT1GW0VX7W4U9SP2I0ZIDK1QRKIY0', 'sequenceId': '08002700DC94-15110519074300001', 'sign': 'fbd962ab1aa1c745eebf9b0c60c5c42f', 'timestamp': '20201203172152', 'language': 'zh-cn', 'timezone': '8', 'familyId': '640162750021000001', 'userId': '36427446', 'wakeupStat': 'yes'}
2020-12-03 17:21:52,889 autoNlpNew.py[line:78] INFO data = {"query": "\u6e29\u5ea6\u8df3\u523027\u5ea6"}
2020-12-03 17:21:54,202 autoNlpNew.py[line:86] INFO 请求返回的数据是： 
2020-12-03 17:21:54,202 autoNlpNew.py[line:87] INFO {"data":{"nlpResult":{"appVersion":"2.5.37","category":"command","correctedQuery":"","domain":"Dev.airConditioner","errorInfo":null,"isContinuousDialogue":false,"isDialog":false,"isMultiContinueDialog":"","isMultiDialogue":"","isQuitMultContinueDialog":"","moreDevice":false,"needBroadcast":false,"needCombineNLG":false,"nlpVersion":"jar.1.6.64-model.1.6.64-2020113001","parseStatus":true,"protocolVersion":"","quitContinuousDialogue":"","response":"设备好像没有这个功能哦，换个说法，再召唤我一次吧","results":[{"dev":{"nickName":"空调","wifiType":"2008610800820324031200118006114500000000000000000000000000000040","name":"空调","id":"04FA83FC113F","type":"airConditioner","room":"客厅"},"params":{"temp":27.0,"nlpUuid":"b0adcf3e62ec11e78562080027247812","domain":"Dev.airConditioner","temperature":27.0,"errorCode":"0003","action":"setTemperature","room":"客厅"}}],"retStatus":0,"sync_tts":"","userQuery":"温度跳到27度","userQueryPinyin":""}},"response":"/ù设备好像没有这个功能哦，换个说法，/ù再召唤我一次吧","retCode":"I00004-00004","retInfo":"/ù设备好像没有这个功能哦，换个说法，/ù再召唤我一次吧","sn":"20201203172153654000762777","uSpanId":"","uTraceId":""}
2020-12-03 17:21:54,202 autoNlpNew.py[line:96] INFO 开始处理返回的数据
2020-12-03 17:21:54,202 autoNlpNew.py[line:108] INFO 返回的数据转成json格式: 
2020-12-03 17:21:54,202 autoNlpNew.py[line:109] INFO {'data': {'nlpResult': {'appVersion': '2.5.37', 'category': 'command', 'correctedQuery': '', 'domain': 'Dev.airConditioner', 'errorInfo': None, 'isContinuousDialogue': False, 'isDialog': False, 'isMultiContinueDialog': '', 'isMultiDialogue': '', 'isQuitMultContinueDialog': '', 'moreDevice': False, 'needBroadcast': False, 'needCombineNLG': False, 'nlpVersion': 'jar.1.6.64-model.1.6.64-2020113001', 'parseStatus': True, 'protocolVersion': '', 'quitContinuousDialogue': '', 'response': '设备好像没有这个功能哦，换个说法，再召唤我一次吧', 'results': [{'dev': {'nickName': '空调', 'wifiType': '2008610800820324031200118006114500000000000000000000000000000040', 'name': '空调', 'id': '04FA83FC113F', 'type': 'airConditioner', 'room': '客厅'}, 'params': {'temp': 27.0, 'nlpUuid': 'b0adcf3e62ec11e78562080027247812', 'domain': 'Dev.airConditioner', 'temperature': 27.0, 'errorCode': '0003', 'action': 'setTemperature', 'room': '客厅'}}], 'retStatus': 0, 'sync_tts': '', 'userQuery': '温度跳到27度', 'userQueryPinyin': ''}}, 'response': '/ù设备好像没有这个功能哦，换个说法，/ù再召唤我一次吧', 'retCode': 'I00004-00004', 'retInfo': '/ù设备好像没有这个功能哦，换个说法，/ù再召唤我一次吧', 'sn': '20201203172153654000762777', 'uSpanId': '', 'uTraceId': ''}
2020-12-03 17:21:54,202 autoNlpNew.py[line:121] INFO 获取result_dev参数
2020-12-03 17:21:54,202 autoNlpNew.py[line:122] INFO {'nickName': '空调', 'wifiType': '2008610800820324031200118006114500000000000000000000000000000040', 'name': '空调', 'id': '04FA83FC113F', 'type': 'airConditioner', 'room': '客厅'}
2020-12-03 17:21:54,203 autoNlpNew.py[line:27] INFO 合并字典
2020-12-03 17:21:54,203 autoNlpNew.py[line:131] INFO 获取result_params
2020-12-03 17:21:54,203 autoNlpNew.py[line:132] INFO {'temp': 27.0, 'nlpUuid': 'b0adcf3e62ec11e78562080027247812', 'domain': 'Dev.airConditioner', 'temperature': 27.0, 'errorCode': '0003', 'action': 'setTemperature', 'room': '客厅'}
2020-12-03 17:21:54,203 autoNlpNew.py[line:27] INFO 合并字典
2020-12-03 17:21:54,203 autoNlpNew.py[line:142] INFO 获取category参数
2020-12-03 17:21:54,203 autoNlpNew.py[line:143] INFO command
2020-12-03 17:21:54,203 autoNlpNew.py[line:152] INFO 获取domain参数
2020-12-03 17:21:54,203 autoNlpNew.py[line:153] INFO Dev.airConditioner
2020-12-03 17:21:54,203 autoNlpNew.py[line:162] INFO 获取dev_nickName参数: 
2020-12-03 17:21:54,203 autoNlpNew.py[line:163] INFO 空调
2020-12-03 17:21:54,207 autoNlpNew.py[line:172] INFO 获取dev_name参数
2020-12-03 17:21:54,207 autoNlpNew.py[line:173] INFO 空调
2020-12-03 17:21:54,207 autoNlpNew.py[line:189] INFO 获取params_action
2020-12-03 17:21:54,207 autoNlpNew.py[line:190] INFO setTemperature
2020-12-03 17:25:36,744 autoNlpNew.py[line:52] INFO 开发发送语音接口请求
2020-12-03 17:25:36,744 autoNlpNew.py[line:53] INFO 发送的指令是: 温度跳到27度
2020-12-03 17:25:36,745 autoNlpNew.py[line:75] INFO 请求参数
2020-12-03 17:25:36,745 autoNlpNew.py[line:76] INFO url = http://ai.haier.net:11000/access/ai-access/nlp?engine=x20&needcontent=yes
2020-12-03 17:25:36,745 autoNlpNew.py[line:77] INFO headers = {'Accept': '*/*', 'User-Agent': 'Mozilla/4.0', 'Content-Type': 'application/json;charset=utf-8', 'appid': 'MB-SDOT20-0000', 'appVersion': '2.5.37', 'clientid': 'ACB1EE302412', 'accessToken': 'TGT3F7W7QYE0C8972E7NAPCT6CHOK0', 'sequenceId': '08002700DC94-15110519074300001', 'sign': 'fbd962ab1aa1c745eebf9b0c60c5c42f', 'timestamp': '20201203172536', 'language': 'zh-cn', 'timezone': '8', 'familyId': '640162750021000001', 'userId': '49461915', 'wakeupStat': 'yes'}
2020-12-03 17:25:36,745 autoNlpNew.py[line:78] INFO data = {"query": "\u6e29\u5ea6\u8df3\u523027\u5ea6"}
2020-12-03 17:25:37,810 autoNlpNew.py[line:86] INFO 请求返回的数据是： 
2020-12-03 17:25:37,811 autoNlpNew.py[line:87] INFO {"data":{"nlpResult":{"appVersion":"2.5.37","category":"command","correctedQuery":"","domain":"Dev.airConditioner","errorInfo":null,"isContinuousDialogue":false,"isDialog":false,"isMultiContinueDialog":"","isMultiDialogue":"","isQuitMultContinueDialog":"","moreDevice":false,"needBroadcast":false,"needCombineNLG":false,"nlpVersion":"jar.1.6.64-model.1.6.64-2020113001","parseStatus":true,"protocolVersion":"","quitContinuousDialogue":"","response":"正在调节温度","results":[{"dev":{"nickName":"空调","wifiType":"2008610800820324031200118006114500000000000000000000000000000040","name":"空调","id":"04FA83FC113F","type":"airConditioner","room":"客厅"},"params":{"temp":27.0,"nlpUuid":"b0adcf3e62ec11e78562080027247812","domain":"Dev.airConditioner","temperature":27.0,"action":"setTemperature","room":"客厅"}}],"retStatus":0,"sync_tts":"客厅空调已设为27度","userQuery":"温度跳到27度","userQueryPinyin":""},"deviceStatus":{"deviceId":"04FA83FC113F","deviceType":"Dev.airConditioner","properties":[],"retCode":"","retInfo":""}},"response":"/ù正在调节温度","retCode":"00000","retInfo":"/ù正在调节温度","sn":"20201203172537590000761349","uSpanId":"","uTraceId":""}
2020-12-03 17:25:37,812 autoNlpNew.py[line:96] INFO 开始处理返回的数据
2020-12-03 17:25:37,813 autoNlpNew.py[line:108] INFO 返回的数据转成json格式: 
2020-12-03 17:25:37,813 autoNlpNew.py[line:109] INFO {'data': {'nlpResult': {'appVersion': '2.5.37', 'category': 'command', 'correctedQuery': '', 'domain': 'Dev.airConditioner', 'errorInfo': None, 'isContinuousDialogue': False, 'isDialog': False, 'isMultiContinueDialog': '', 'isMultiDialogue': '', 'isQuitMultContinueDialog': '', 'moreDevice': False, 'needBroadcast': False, 'needCombineNLG': False, 'nlpVersion': 'jar.1.6.64-model.1.6.64-2020113001', 'parseStatus': True, 'protocolVersion': '', 'quitContinuousDialogue': '', 'response': '正在调节温度', 'results': [{'dev': {'nickName': '空调', 'wifiType': '2008610800820324031200118006114500000000000000000000000000000040', 'name': '空调', 'id': '04FA83FC113F', 'type': 'airConditioner', 'room': '客厅'}, 'params': {'temp': 27.0, 'nlpUuid': 'b0adcf3e62ec11e78562080027247812', 'domain': 'Dev.airConditioner', 'temperature': 27.0, 'action': 'setTemperature', 'room': '客厅'}}], 'retStatus': 0, 'sync_tts': '客厅空调已设为27度', 'userQuery': '温度跳到27度', 'userQueryPinyin': ''}, 'deviceStatus': {'deviceId': '04FA83FC113F', 'deviceType': 'Dev.airConditioner', 'properties': [], 'retCode': '', 'retInfo': ''}}, 'response': '/ù正在调节温度', 'retCode': '00000', 'retInfo': '/ù正在调节温度', 'sn': '20201203172537590000761349', 'uSpanId': '', 'uTraceId': ''}
2020-12-03 17:25:37,814 autoNlpNew.py[line:121] INFO 获取result_dev参数
2020-12-03 17:25:37,814 autoNlpNew.py[line:122] INFO {'nickName': '空调', 'wifiType': '2008610800820324031200118006114500000000000000000000000000000040', 'name': '空调', 'id': '04FA83FC113F', 'type': 'airConditioner', 'room': '客厅'}
2020-12-03 17:25:37,815 autoNlpNew.py[line:27] INFO 合并字典
2020-12-03 17:25:37,815 autoNlpNew.py[line:131] INFO 获取result_params
2020-12-03 17:25:37,815 autoNlpNew.py[line:132] INFO {'temp': 27.0, 'nlpUuid': 'b0adcf3e62ec11e78562080027247812', 'domain': 'Dev.airConditioner', 'temperature': 27.0, 'action': 'setTemperature', 'room': '客厅'}
2020-12-03 17:25:37,816 autoNlpNew.py[line:27] INFO 合并字典
2020-12-03 17:25:37,816 autoNlpNew.py[line:142] INFO 获取category参数
2020-12-03 17:25:37,817 autoNlpNew.py[line:143] INFO command
2020-12-03 17:25:37,817 autoNlpNew.py[line:152] INFO 获取domain参数
2020-12-03 17:25:37,817 autoNlpNew.py[line:153] INFO Dev.airConditioner
2020-12-03 17:25:37,817 autoNlpNew.py[line:162] INFO 获取dev_nickName参数: 
2020-12-03 17:25:37,817 autoNlpNew.py[line:163] INFO 空调
2020-12-03 17:25:37,817 autoNlpNew.py[line:172] INFO 获取dev_name参数
2020-12-03 17:25:37,818 autoNlpNew.py[line:173] INFO 空调
2020-12-03 17:25:37,818 autoNlpNew.py[line:189] INFO 获取params_action
2020-12-03 17:25:37,818 autoNlpNew.py[line:190] INFO setTemperature
2020-12-03 17:26:37,672 autoNlpNew.py[line:52] INFO 开发发送语音接口请求
2020-12-03 17:26:37,672 autoNlpNew.py[line:53] INFO 发送的指令是: 天气怎么样
2020-12-03 17:26:37,673 autoNlpNew.py[line:75] INFO 请求参数
2020-12-03 17:26:37,673 autoNlpNew.py[line:76] INFO url = http://ai.haier.net:11000/access/ai-access/nlp?engine=x20&needcontent=yes
2020-12-03 17:26:37,673 autoNlpNew.py[line:77] INFO headers = {'Accept': '*/*', 'User-Agent': 'Mozilla/4.0', 'Content-Type': 'application/json;charset=utf-8', 'appid': 'MB-SDOT20-0000', 'appVersion': '2.5.37', 'clientid': 'ACB1EE302412', 'accessToken': 'TGT3F7W7QYE0C8972E7NAPCT6CHOK0', 'sequenceId': '08002700DC94-15110519074300001', 'sign': 'fbd962ab1aa1c745eebf9b0c60c5c42f', 'timestamp': '20201203172637', 'language': 'zh-cn', 'timezone': '8', 'familyId': '640162750021000001', 'userId': '49461915', 'wakeupStat': 'yes'}
2020-12-03 17:26:37,673 autoNlpNew.py[line:78] INFO data = {"query": "\u5929\u6c14\u600e\u4e48\u6837"}
2020-12-03 17:26:38,375 autoNlpNew.py[line:86] INFO 请求返回的数据是： 
2020-12-03 17:26:38,375 autoNlpNew.py[line:87] INFO {"data":{"nlpResult":{"appVersion":"2.5.37","category":"weather","correctedQuery":"","domain":"weather","errorInfo":null,"isContinuousDialogue":false,"isDialog":false,"isMultiContinueDialog":"","isMultiDialogue":"","isQuitMultContinueDialog":"","moreDevice":false,"needBroadcast":false,"needCombineNLG":false,"nlpVersion":"jar.1.6.64-model.1.6.64-2020113001","parseStatus":true,"protocolVersion":"","quitContinuousDialogue":"","response":"北京今天天气晴，-4度到4度，平均温度与昨天相同，西北风3级，空气质量指数22，空气质量优。","results":[{"params":{"nlpUuid":"","domain":"weather","action":"query","type":"天气"}}],"retStatus":0,"sync_tts":"","userQuery":"天气怎么样","userQueryPinyin":""},"content":{"alertDesc":null,"date":"今天","maxTemperature":4,"weatherType":0,"pres":0,"city":"北京","dayWeather":{"alertDesc":null,"date":"昨天","maxTemperature":3,"weatherType":0,"pres":0,"city":"北京","dayWeather":null,"windDesc":null,"dswrf":0,"precipitation":null,"umbrellaDesc":"外出不用带伞","dateDetail":"2020-12-02","minTemperature":-4,"weekDay":"星期三","rainDesc":"不下雨","skycon":"PARTLY_CLOUDY_DAY","temperature":-0.17,"alertDescNew":null,"humidity":0.36,"deviceType":null,"alertType":null,"alertResponse":null,"visibility":0,"air_quality":{"pm25":49,"aqi":{"usa":0,"chn":67},"pm10":0},"airDesc":null,"cloudrate":0,"response":null,"life_index":{"dressing":{"index":8,"desc":"极冷"},"ultraviolet":{"index":1,"desc":"最弱"},"coldRisk":{"index":3,"desc":"易发"},"carWashing":{"index":1,"desc":"适宜"},"comfort":{"index":13,"desc":"干冷"}},"phenomena":"阴转晴","status":"00000","wind":{"speed":19.17,"direction":327.04}},"windDesc":"西北风3级","dswrf":0,"precipitation":null,"umbrellaDesc":"外出不用带伞","dateDetail":"2020-12-03","minTemperature":-4,"weekDay":"星期四","rainDesc":"不下雨","skycon":"CLEAR_NIGHT","temperature":0,"alertDescNew":null,"humidity":0.3,"deviceType":null,"alertType":"雨","alertResponse":null,"visibility":0,"air_quality":{"pm25":14,"aqi":{"usa":0,"chn":22},"pm10":0},"airDesc":"优","cloudrate":0,"response":"北京今天天气晴，-4度到4度，平均温度与昨天相同，西北风3级，空气质量指数22，空气质量优。","domain":"weather","life_index":{"dressing":{"index":7,"desc":"寒冷"},"ultraviolet":{"index":4,"desc":"强"},"coldRisk":{"index":4,"desc":"极易发"},"carWashing":{"index":1,"desc":"适宜"},"comfort":{"index":13,"desc":"干冷"}},"phenomena":"晴","status":"00000","wind":{"speed":15.72,"direction":333.8}}},"response":"/ù北京今天天气晴，-4度到4度，平均温度与昨天相同，/ù西北风3级，空气质量指数22，空气质量优","retCode":"00000","retInfo":"/ù北京今天天气晴，-4度到4度，平均温度与昨天相同，/ù西北风3级，空气质量指数22，空气质量优","sn":"20201203172638392000701734","uSpanId":"","uTraceId":""}
2020-12-03 17:26:38,375 autoNlpNew.py[line:96] INFO 开始处理返回的数据
2020-12-03 17:26:38,375 autoNlpNew.py[line:108] INFO 返回的数据转成json格式: 
2020-12-03 17:26:38,375 autoNlpNew.py[line:109] INFO {'data': {'nlpResult': {'appVersion': '2.5.37', 'category': 'weather', 'correctedQuery': '', 'domain': 'weather', 'errorInfo': None, 'isContinuousDialogue': False, 'isDialog': False, 'isMultiContinueDialog': '', 'isMultiDialogue': '', 'isQuitMultContinueDialog': '', 'moreDevice': False, 'needBroadcast': False, 'needCombineNLG': False, 'nlpVersion': 'jar.1.6.64-model.1.6.64-2020113001', 'parseStatus': True, 'protocolVersion': '', 'quitContinuousDialogue': '', 'response': '北京今天天气晴，-4度到4度，平均温度与昨天相同，西北风3级，空气质量指数22，空气质量优。', 'results': [{'params': {'nlpUuid': '', 'domain': 'weather', 'action': 'query', 'type': '天气'}}], 'retStatus': 0, 'sync_tts': '', 'userQuery': '天气怎么样', 'userQueryPinyin': ''}, 'content': {'alertDesc': None, 'date': '今天', 'maxTemperature': 4, 'weatherType': 0, 'pres': 0, 'city': '北京', 'dayWeather': {'alertDesc': None, 'date': '昨天', 'maxTemperature': 3, 'weatherType': 0, 'pres': 0, 'city': '北京', 'dayWeather': None, 'windDesc': None, 'dswrf': 0, 'precipitation': None, 'umbrellaDesc': '外出不用带伞', 'dateDetail': '2020-12-02', 'minTemperature': -4, 'weekDay': '星期三', 'rainDesc': '不下雨', 'skycon': 'PARTLY_CLOUDY_DAY', 'temperature': -0.17, 'alertDescNew': None, 'humidity': 0.36, 'deviceType': None, 'alertType': None, 'alertResponse': None, 'visibility': 0, 'air_quality': {'pm25': 49, 'aqi': {'usa': 0, 'chn': 67}, 'pm10': 0}, 'airDesc': None, 'cloudrate': 0, 'response': None, 'life_index': {'dressing': {'index': 8, 'desc': '极冷'}, 'ultraviolet': {'index': 1, 'desc': '最弱'}, 'coldRisk': {'index': 3, 'desc': '易发'}, 'carWashing': {'index': 1, 'desc': '适宜'}, 'comfort': {'index': 13, 'desc': '干冷'}}, 'phenomena': '阴转晴', 'status': '00000', 'wind': {'speed': 19.17, 'direction': 327.04}}, 'windDesc': '西北风3级', 'dswrf': 0, 'precipitation': None, 'umbrellaDesc': '外出不用带伞', 'dateDetail': '2020-12-03', 'minTemperature': -4, 'weekDay': '星期四', 'rainDesc': '不下雨', 'skycon': 'CLEAR_NIGHT', 'temperature': 0, 'alertDescNew': None, 'humidity': 0.3, 'deviceType': None, 'alertType': '雨', 'alertResponse': None, 'visibility': 0, 'air_quality': {'pm25': 14, 'aqi': {'usa': 0, 'chn': 22}, 'pm10': 0}, 'airDesc': '优', 'cloudrate': 0, 'response': '北京今天天气晴，-4度到4度，平均温度与昨天相同，西北风3级，空气质量指数22，空气质量优。', 'domain': 'weather', 'life_index': {'dressing': {'index': 7, 'desc': '寒冷'}, 'ultraviolet': {'index': 4, 'desc': '强'}, 'coldRisk': {'index': 4, 'desc': '极易发'}, 'carWashing': {'index': 1, 'desc': '适宜'}, 'comfort': {'index': 13, 'desc': '干冷'}}, 'phenomena': '晴', 'status': '00000', 'wind': {'speed': 15.72, 'direction': 333.8}}}, 'response': '/ù北京今天天气晴，-4度到4度，平均温度与昨天相同，/ù西北风3级，空气质量指数22，空气质量优', 'retCode': '00000', 'retInfo': '/ù北京今天天气晴，-4度到4度，平均温度与昨天相同，/ù西北风3级，空气质量指数22，空气质量优', 'sn': '20201203172638392000701734', 'uSpanId': '', 'uTraceId': ''}
2020-12-03 17:26:38,396 autoNlpNew.py[line:119] ERROR result_dev获取异常
2020-12-03 17:26:38,396 autoNlpNew.py[line:131] INFO 获取result_params
2020-12-03 17:26:38,396 autoNlpNew.py[line:132] INFO {'nlpUuid': '', 'domain': 'weather', 'action': 'query', 'type': '天气'}
2020-12-03 17:26:38,397 autoNlpNew.py[line:27] INFO 合并字典
2020-12-03 17:26:38,397 autoNlpNew.py[line:142] INFO 获取category参数
2020-12-03 17:26:38,397 autoNlpNew.py[line:143] INFO weather
2020-12-03 17:26:38,397 autoNlpNew.py[line:152] INFO 获取domain参数
2020-12-03 17:26:38,397 autoNlpNew.py[line:153] INFO weather
2020-12-03 17:26:38,397 autoNlpNew.py[line:159] ERROR 获取dev_nickName参数失败
2020-12-03 17:26:38,397 autoNlpNew.py[line:169] INFO 获取dev_name参数失败
2020-12-03 17:26:38,397 autoNlpNew.py[line:189] INFO 获取params_action
2020-12-03 17:26:38,397 autoNlpNew.py[line:190] INFO query
2020-12-03 18:01:46,599 autoNlpNew.py[line:52] INFO 开发发送语音接口请求
2020-12-03 18:01:46,616 autoNlpNew.py[line:53] INFO 发送的指令是: 天气怎么样
2020-12-03 18:01:46,618 autoNlpNew.py[line:75] INFO 请求参数
2020-12-03 18:01:46,618 autoNlpNew.py[line:76] INFO url = http://ai.haier.net:11000/access/ai-access/nlp?engine=x20&needcontent=yes
2020-12-03 18:01:46,618 autoNlpNew.py[line:77] INFO headers = {'Accept': '*/*', 'User-Agent': 'Mozilla/4.0', 'Content-Type': 'application/json;charset=utf-8', 'appid': 'MB-SDOT20-0000', 'appVersion': '2.5.37', 'clientid': 'ACB1EE302412', 'accessToken': 'TGT3F7W7QYE0C8972E7NAPCT6CHOK0', 'sequenceId': '08002700DC94-15110519074300001', 'sign': 'fbd962ab1aa1c745eebf9b0c60c5c42f', 'timestamp': '20201203180146', 'language': 'zh-cn', 'timezone': '8', 'familyId': '640162750021000001', 'userId': '49461915', 'wakeupStat': 'yes'}
2020-12-03 18:01:46,619 autoNlpNew.py[line:78] INFO data = {"query": "\u5929\u6c14\u600e\u4e48\u6837"}
2020-12-03 18:01:46,969 autoNlpNew.py[line:86] INFO 请求返回的数据是： 
2020-12-03 18:01:46,969 autoNlpNew.py[line:87] INFO {"data":{"nlpResult":{"appVersion":"2.5.37","category":"weather","correctedQuery":"","domain":"weather","errorInfo":null,"isContinuousDialogue":false,"isDialog":false,"isMultiContinueDialog":"","isMultiDialogue":"","isQuitMultContinueDialog":"","moreDevice":false,"needBroadcast":false,"needCombineNLG":false,"nlpVersion":"jar.1.6.64-model.1.6.64-2020113001","parseStatus":true,"protocolVersion":"","quitContinuousDialogue":"","response":"北京今天天气晴，-4度到4度，平均温度与昨天相同，西北风3级，空气质量指数22，空气质量优。","results":[{"params":{"nlpUuid":"","domain":"weather","action":"query","type":"天气"}}],"retStatus":0,"sync_tts":"","userQuery":"天气怎么样","userQueryPinyin":""},"content":{"alertDesc":null,"date":"今天","maxTemperature":4,"weatherType":0,"pres":0,"city":"北京","dayWeather":{"alertDesc":null,"date":"昨天","maxTemperature":3,"weatherType":0,"pres":0,"city":"北京","dayWeather":null,"windDesc":null,"dswrf":0,"precipitation":null,"umbrellaDesc":"外出不用带伞","dateDetail":"2020-12-02","minTemperature":-4,"weekDay":"星期三","rainDesc":"不下雨","skycon":"PARTLY_CLOUDY_DAY","temperature":-0.17,"alertDescNew":null,"humidity":0.36,"deviceType":null,"alertType":null,"alertResponse":null,"visibility":0,"air_quality":{"pm25":49,"aqi":{"usa":0,"chn":67},"pm10":0},"airDesc":null,"cloudrate":0,"response":null,"life_index":{"dressing":{"index":8,"desc":"极冷"},"ultraviolet":{"index":1,"desc":"最弱"},"coldRisk":{"index":3,"desc":"易发"},"carWashing":{"index":1,"desc":"适宜"},"comfort":{"index":13,"desc":"干冷"}},"phenomena":"阴转晴","status":"00000","wind":{"speed":19.17,"direction":327.04}},"windDesc":"西北风3级","dswrf":0,"precipitation":null,"umbrellaDesc":"外出不用带伞","dateDetail":"2020-12-03","minTemperature":-4,"weekDay":"星期四","rainDesc":"不下雨","skycon":"CLEAR_NIGHT","temperature":0.08,"alertDescNew":null,"humidity":0.3,"deviceType":null,"alertType":"雨","alertResponse":null,"visibility":0,"air_quality":{"pm25":14,"aqi":{"usa":0,"chn":22},"pm10":0},"airDesc":"优","cloudrate":0,"response":"北京今天天气晴，-4度到4度，平均温度与昨天相同，西北风3级，空气质量指数22，空气质量优。","domain":"weather","life_index":{"dressing":{"index":7,"desc":"寒冷"},"ultraviolet":{"index":4,"desc":"强"},"coldRisk":{"index":4,"desc":"极易发"},"carWashing":{"index":1,"desc":"适宜"},"comfort":{"index":13,"desc":"干冷"}},"phenomena":"晴","status":"00000","wind":{"speed":15.72,"direction":333.8}}},"response":"/ù北京今天天气晴，-4度到4度，平均温度与昨天相同，/ù西北风3级，空气质量指数22，空气质量优","retCode":"00000","retInfo":"/ù北京今天天气晴，-4度到4度，平均温度与昨天相同，/ù西北风3级，空气质量指数22，空气质量优","sn":"20201203180147365000469415","uSpanId":"","uTraceId":""}
2020-12-03 18:01:46,970 autoNlpNew.py[line:96] INFO 开始处理返回的数据
2020-12-03 18:01:46,970 autoNlpNew.py[line:108] INFO 返回的数据转成json格式: 
2020-12-03 18:01:46,970 autoNlpNew.py[line:109] INFO {'data': {'nlpResult': {'appVersion': '2.5.37', 'category': 'weather', 'correctedQuery': '', 'domain': 'weather', 'errorInfo': None, 'isContinuousDialogue': False, 'isDialog': False, 'isMultiContinueDialog': '', 'isMultiDialogue': '', 'isQuitMultContinueDialog': '', 'moreDevice': False, 'needBroadcast': False, 'needCombineNLG': False, 'nlpVersion': 'jar.1.6.64-model.1.6.64-2020113001', 'parseStatus': True, 'protocolVersion': '', 'quitContinuousDialogue': '', 'response': '北京今天天气晴，-4度到4度，平均温度与昨天相同，西北风3级，空气质量指数22，空气质量优。', 'results': [{'params': {'nlpUuid': '', 'domain': 'weather', 'action': 'query', 'type': '天气'}}], 'retStatus': 0, 'sync_tts': '', 'userQuery': '天气怎么样', 'userQueryPinyin': ''}, 'content': {'alertDesc': None, 'date': '今天', 'maxTemperature': 4, 'weatherType': 0, 'pres': 0, 'city': '北京', 'dayWeather': {'alertDesc': None, 'date': '昨天', 'maxTemperature': 3, 'weatherType': 0, 'pres': 0, 'city': '北京', 'dayWeather': None, 'windDesc': None, 'dswrf': 0, 'precipitation': None, 'umbrellaDesc': '外出不用带伞', 'dateDetail': '2020-12-02', 'minTemperature': -4, 'weekDay': '星期三', 'rainDesc': '不下雨', 'skycon': 'PARTLY_CLOUDY_DAY', 'temperature': -0.17, 'alertDescNew': None, 'humidity': 0.36, 'deviceType': None, 'alertType': None, 'alertResponse': None, 'visibility': 0, 'air_quality': {'pm25': 49, 'aqi': {'usa': 0, 'chn': 67}, 'pm10': 0}, 'airDesc': None, 'cloudrate': 0, 'response': None, 'life_index': {'dressing': {'index': 8, 'desc': '极冷'}, 'ultraviolet': {'index': 1, 'desc': '最弱'}, 'coldRisk': {'index': 3, 'desc': '易发'}, 'carWashing': {'index': 1, 'desc': '适宜'}, 'comfort': {'index': 13, 'desc': '干冷'}}, 'phenomena': '阴转晴', 'status': '00000', 'wind': {'speed': 19.17, 'direction': 327.04}}, 'windDesc': '西北风3级', 'dswrf': 0, 'precipitation': None, 'umbrellaDesc': '外出不用带伞', 'dateDetail': '2020-12-03', 'minTemperature': -4, 'weekDay': '星期四', 'rainDesc': '不下雨', 'skycon': 'CLEAR_NIGHT', 'temperature': 0.08, 'alertDescNew': None, 'humidity': 0.3, 'deviceType': None, 'alertType': '雨', 'alertResponse': None, 'visibility': 0, 'air_quality': {'pm25': 14, 'aqi': {'usa': 0, 'chn': 22}, 'pm10': 0}, 'airDesc': '优', 'cloudrate': 0, 'response': '北京今天天气晴，-4度到4度，平均温度与昨天相同，西北风3级，空气质量指数22，空气质量优。', 'domain': 'weather', 'life_index': {'dressing': {'index': 7, 'desc': '寒冷'}, 'ultraviolet': {'index': 4, 'desc': '强'}, 'coldRisk': {'index': 4, 'desc': '极易发'}, 'carWashing': {'index': 1, 'desc': '适宜'}, 'comfort': {'index': 13, 'desc': '干冷'}}, 'phenomena': '晴', 'status': '00000', 'wind': {'speed': 15.72, 'direction': 333.8}}}, 'response': '/ù北京今天天气晴，-4度到4度，平均温度与昨天相同，/ù西北风3级，空气质量指数22，空气质量优', 'retCode': '00000', 'retInfo': '/ù北京今天天气晴，-4度到4度，平均温度与昨天相同，/ù西北风3级，空气质量指数22，空气质量优', 'sn': '20201203180147365000469415', 'uSpanId': '', 'uTraceId': ''}
2020-12-03 18:01:46,972 autoNlpNew.py[line:119] ERROR result_dev获取异常
2020-12-03 18:01:46,972 autoNlpNew.py[line:131] INFO 获取result_params
2020-12-03 18:01:46,972 autoNlpNew.py[line:132] INFO {'nlpUuid': '', 'domain': 'weather', 'action': 'query', 'type': '天气'}
2020-12-03 18:01:46,972 autoNlpNew.py[line:27] INFO 合并字典
2020-12-03 18:01:46,972 autoNlpNew.py[line:142] INFO 获取category参数
2020-12-03 18:01:46,972 autoNlpNew.py[line:143] INFO weather
2020-12-03 18:01:46,972 autoNlpNew.py[line:152] INFO 获取domain参数
2020-12-03 18:01:46,972 autoNlpNew.py[line:153] INFO weather
2020-12-03 18:01:46,972 autoNlpNew.py[line:159] ERROR 获取dev_nickName参数失败
2020-12-03 18:01:46,972 autoNlpNew.py[line:169] INFO 获取dev_name参数失败
2020-12-03 18:01:46,973 autoNlpNew.py[line:189] INFO 获取params_action
2020-12-03 18:01:46,973 autoNlpNew.py[line:190] INFO query
2020-12-03 18:02:24,541 autoNlpNew.py[line:52] INFO 开发发送语音接口请求
2020-12-03 18:02:24,541 autoNlpNew.py[line:53] INFO 发送的指令是: 天气怎么样
2020-12-03 18:02:24,542 autoNlpNew.py[line:75] INFO 请求参数
2020-12-03 18:02:24,542 autoNlpNew.py[line:76] INFO url = http://ai.haier.net:11000/access/ai-access/nlp?engine=x20&needcontent=yes
2020-12-03 18:02:24,542 autoNlpNew.py[line:77] INFO headers = {'Accept': '*/*', 'User-Agent': 'Mozilla/4.0', 'Content-Type': 'application/json;charset=utf-8', 'appid': 'MB-SDOT20-0000', 'appVersion': '2.5.37', 'clientid': 'ACB1EE302412', 'accessToken': 'TGT3F7W7QYE0C8972E7NAPCT6CHOK0', 'sequenceId': '08002700DC94-15110519074300001', 'sign': 'fbd962ab1aa1c745eebf9b0c60c5c42f', 'timestamp': '20201203180224', 'language': 'zh-cn', 'timezone': '8', 'familyId': '640162750021000001', 'userId': '49461915', 'wakeupStat': 'yes'}
2020-12-03 18:02:24,542 autoNlpNew.py[line:78] INFO data = {"query": "\u5929\u6c14\u600e\u4e48\u6837"}
2020-12-03 18:02:25,002 autoNlpNew.py[line:86] INFO 请求返回的数据是： 
2020-12-03 18:02:25,002 autoNlpNew.py[line:87] INFO {"data":{"nlpResult":{"appVersion":"2.5.37","category":"weather","correctedQuery":"","domain":"weather","errorInfo":null,"isContinuousDialogue":false,"isDialog":false,"isMultiContinueDialog":"","isMultiDialogue":"","isQuitMultContinueDialog":"","moreDevice":false,"needBroadcast":false,"needCombineNLG":false,"nlpVersion":"jar.1.6.64-model.1.6.64-2020113001","parseStatus":true,"protocolVersion":"","quitContinuousDialogue":"","response":"北京今天天气晴，-4度到4度，平均温度与昨天相同，西北风3级，空气质量指数22，空气质量优。","results":[{"params":{"nlpUuid":"","domain":"weather","action":"query","type":"天气"}}],"retStatus":0,"sync_tts":"","userQuery":"天气怎么样","userQueryPinyin":""},"content":{"alertDesc":null,"date":"今天","maxTemperature":4,"weatherType":0,"pres":0,"city":"北京","dayWeather":{"alertDesc":null,"date":"昨天","maxTemperature":3,"weatherType":0,"pres":0,"city":"北京","dayWeather":null,"windDesc":null,"dswrf":0,"precipitation":null,"umbrellaDesc":"外出不用带伞","dateDetail":"2020-12-02","minTemperature":-4,"weekDay":"星期三","rainDesc":"不下雨","skycon":"PARTLY_CLOUDY_DAY","temperature":-0.17,"alertDescNew":null,"humidity":0.36,"deviceType":null,"alertType":null,"alertResponse":null,"visibility":0,"air_quality":{"pm25":49,"aqi":{"usa":0,"chn":67},"pm10":0},"airDesc":null,"cloudrate":0,"response":null,"life_index":{"dressing":{"index":8,"desc":"极冷"},"ultraviolet":{"index":1,"desc":"最弱"},"coldRisk":{"index":3,"desc":"易发"},"carWashing":{"index":1,"desc":"适宜"},"comfort":{"index":13,"desc":"干冷"}},"phenomena":"阴转晴","status":"00000","wind":{"speed":19.17,"direction":327.04}},"windDesc":"西北风3级","dswrf":0,"precipitation":null,"umbrellaDesc":"外出不用带伞","dateDetail":"2020-12-03","minTemperature":-4,"weekDay":"星期四","rainDesc":"不下雨","skycon":"CLEAR_NIGHT","temperature":0.08,"alertDescNew":null,"humidity":0.3,"deviceType":null,"alertType":"雨","alertResponse":null,"visibility":0,"air_quality":{"pm25":14,"aqi":{"usa":0,"chn":22},"pm10":0},"airDesc":"优","cloudrate":0,"response":"北京今天天气晴，-4度到4度，平均温度与昨天相同，西北风3级，空气质量指数22，空气质量优。","domain":"weather","life_index":{"dressing":{"index":7,"desc":"寒冷"},"ultraviolet":{"index":4,"desc":"强"},"coldRisk":{"index":4,"desc":"极易发"},"carWashing":{"index":1,"desc":"适宜"},"comfort":{"index":13,"desc":"干冷"}},"phenomena":"晴","status":"00000","wind":{"speed":15.72,"direction":333.8}}},"response":"/ù北京今天天气晴，-4度到4度，平均温度与昨天相同，/ù西北风3级，空气质量指数22，空气质量优","retCode":"00000","retInfo":"/ù北京今天天气晴，-4度到4度，平均温度与昨天相同，/ù西北风3级，空气质量指数22，空气质量优","sn":"20201203180225316000508884","uSpanId":"","uTraceId":""}
2020-12-03 18:02:25,002 autoNlpNew.py[line:96] INFO 开始处理返回的数据
2020-12-03 18:02:25,003 autoNlpNew.py[line:108] INFO 返回的数据转成json格式: 
2020-12-03 18:02:25,003 autoNlpNew.py[line:109] INFO {'data': {'nlpResult': {'appVersion': '2.5.37', 'category': 'weather', 'correctedQuery': '', 'domain': 'weather', 'errorInfo': None, 'isContinuousDialogue': False, 'isDialog': False, 'isMultiContinueDialog': '', 'isMultiDialogue': '', 'isQuitMultContinueDialog': '', 'moreDevice': False, 'needBroadcast': False, 'needCombineNLG': False, 'nlpVersion': 'jar.1.6.64-model.1.6.64-2020113001', 'parseStatus': True, 'protocolVersion': '', 'quitContinuousDialogue': '', 'response': '北京今天天气晴，-4度到4度，平均温度与昨天相同，西北风3级，空气质量指数22，空气质量优。', 'results': [{'params': {'nlpUuid': '', 'domain': 'weather', 'action': 'query', 'type': '天气'}}], 'retStatus': 0, 'sync_tts': '', 'userQuery': '天气怎么样', 'userQueryPinyin': ''}, 'content': {'alertDesc': None, 'date': '今天', 'maxTemperature': 4, 'weatherType': 0, 'pres': 0, 'city': '北京', 'dayWeather': {'alertDesc': None, 'date': '昨天', 'maxTemperature': 3, 'weatherType': 0, 'pres': 0, 'city': '北京', 'dayWeather': None, 'windDesc': None, 'dswrf': 0, 'precipitation': None, 'umbrellaDesc': '外出不用带伞', 'dateDetail': '2020-12-02', 'minTemperature': -4, 'weekDay': '星期三', 'rainDesc': '不下雨', 'skycon': 'PARTLY_CLOUDY_DAY', 'temperature': -0.17, 'alertDescNew': None, 'humidity': 0.36, 'deviceType': None, 'alertType': None, 'alertResponse': None, 'visibility': 0, 'air_quality': {'pm25': 49, 'aqi': {'usa': 0, 'chn': 67}, 'pm10': 0}, 'airDesc': None, 'cloudrate': 0, 'response': None, 'life_index': {'dressing': {'index': 8, 'desc': '极冷'}, 'ultraviolet': {'index': 1, 'desc': '最弱'}, 'coldRisk': {'index': 3, 'desc': '易发'}, 'carWashing': {'index': 1, 'desc': '适宜'}, 'comfort': {'index': 13, 'desc': '干冷'}}, 'phenomena': '阴转晴', 'status': '00000', 'wind': {'speed': 19.17, 'direction': 327.04}}, 'windDesc': '西北风3级', 'dswrf': 0, 'precipitation': None, 'umbrellaDesc': '外出不用带伞', 'dateDetail': '2020-12-03', 'minTemperature': -4, 'weekDay': '星期四', 'rainDesc': '不下雨', 'skycon': 'CLEAR_NIGHT', 'temperature': 0.08, 'alertDescNew': None, 'humidity': 0.3, 'deviceType': None, 'alertType': '雨', 'alertResponse': None, 'visibility': 0, 'air_quality': {'pm25': 14, 'aqi': {'usa': 0, 'chn': 22}, 'pm10': 0}, 'airDesc': '优', 'cloudrate': 0, 'response': '北京今天天气晴，-4度到4度，平均温度与昨天相同，西北风3级，空气质量指数22，空气质量优。', 'domain': 'weather', 'life_index': {'dressing': {'index': 7, 'desc': '寒冷'}, 'ultraviolet': {'index': 4, 'desc': '强'}, 'coldRisk': {'index': 4, 'desc': '极易发'}, 'carWashing': {'index': 1, 'desc': '适宜'}, 'comfort': {'index': 13, 'desc': '干冷'}}, 'phenomena': '晴', 'status': '00000', 'wind': {'speed': 15.72, 'direction': 333.8}}}, 'response': '/ù北京今天天气晴，-4度到4度，平均温度与昨天相同，/ù西北风3级，空气质量指数22，空气质量优', 'retCode': '00000', 'retInfo': '/ù北京今天天气晴，-4度到4度，平均温度与昨天相同，/ù西北风3级，空气质量指数22，空气质量优', 'sn': '20201203180225316000508884', 'uSpanId': '', 'uTraceId': ''}
2020-12-03 18:02:25,005 autoNlpNew.py[line:120] ERROR result_dev获取异常
2020-12-03 18:02:25,005 autoNlpNew.py[line:132] INFO 获取result_params
2020-12-03 18:02:25,005 autoNlpNew.py[line:133] INFO {'nlpUuid': '', 'domain': 'weather', 'action': 'query', 'type': '天气'}
2020-12-03 18:02:25,005 autoNlpNew.py[line:27] INFO 合并字典
2020-12-03 18:02:25,005 autoNlpNew.py[line:143] INFO 获取category参数
2020-12-03 18:02:25,005 autoNlpNew.py[line:144] INFO weather
2020-12-03 18:02:25,005 autoNlpNew.py[line:153] INFO 获取domain参数
2020-12-03 18:02:25,005 autoNlpNew.py[line:154] INFO weather
2020-12-03 18:02:25,005 autoNlpNew.py[line:160] ERROR 获取dev_nickName参数失败
2020-12-03 18:02:25,005 autoNlpNew.py[line:170] INFO 获取dev_name参数失败
2020-12-03 18:02:25,005 autoNlpNew.py[line:190] INFO 获取params_action
2020-12-03 18:02:25,005 autoNlpNew.py[line:191] INFO query
2020-12-09 15:15:54,606 autoNlpNew.py[line:52] INFO 开发发送语音接口请求
2020-12-09 15:15:54,645 autoNlpNew.py[line:53] INFO 发送的指令是: 天气怎么样
2020-12-09 15:15:54,674 autoNlpNew.py[line:75] INFO 请求参数
2020-12-09 15:15:54,674 autoNlpNew.py[line:76] INFO url = http://ai.haier.net:11000/access/ai-access/nlp?engine=x20&needcontent=yes
2020-12-09 15:15:54,674 autoNlpNew.py[line:77] INFO headers = {'Accept': '*/*', 'User-Agent': 'Mozilla/4.0', 'Content-Type': 'application/json;charset=utf-8', 'appid': 'MB-SDOT20-0000', 'appVersion': '2.5.37', 'clientid': 'ACB1EE302412', 'accessToken': 'TGT3F7W7QYE0C8972E7NAPCT6CHOK0', 'sequenceId': '08002700DC94-15110519074300001', 'sign': 'fbd962ab1aa1c745eebf9b0c60c5c42f', 'timestamp': '20201209151554', 'language': 'zh-cn', 'timezone': '8', 'familyId': '640162750021000001', 'userId': '49461915', 'wakeupStat': 'yes'}
2020-12-09 15:15:54,674 autoNlpNew.py[line:78] INFO data = {"query": "\u5929\u6c14\u600e\u4e48\u6837"}
2020-12-09 15:15:55,889 autoNlpNew.py[line:86] INFO 请求返回的数据是： 
2020-12-09 15:15:55,889 autoNlpNew.py[line:87] INFO {"data":{"nlpResult":{"appVersion":"2.5.37","category":"weather","correctedQuery":"","domain":"weather","errorInfo":null,"isContinuousDialogue":false,"isDialog":false,"isMultiContinueDialog":"","isMultiDialogue":"","isQuitMultContinueDialog":"","moreDevice":false,"needBroadcast":false,"needCombineNLG":false,"nlpVersion":"jar.1.6.64-model.1.6.64-2020113001","parseStatus":true,"protocolVersion":"","quitContinuousDialogue":"","response":"北京今天天气多云转晴，-5度到4度，平均温度比昨天高1度，西南风2级，空气质量指数92，空气质量良。","results":[{"params":{"nlpUuid":"","domain":"weather","action":"query","type":"天气"}}],"retStatus":0,"sync_tts":"","userQuery":"天气怎么样","userQueryPinyin":""},"content":{"alertDesc":null,"date":"今天","maxTemperature":4,"weatherType":0,"pres":0,"city":"北京","dayWeather":{"alertDesc":null,"date":"昨天","maxTemperature":2,"weatherType":0,"pres":0,"city":"北京","dayWeather":null,"windDesc":null,"dswrf":0,"precipitation":null,"umbrellaDesc":"外出不用带伞","dateDetail":"2020-12-08","minTemperature":-6,"weekDay":"星期二","rainDesc":"不下雨","skycon":"PARTLY_CLOUDY_DAY","temperature":-0.96,"alertDescNew":null,"humidity":0.29,"deviceType":null,"alertType":null,"alertResponse":null,"visibility":0,"air_quality":{"pm25":65,"aqi":{"usa":0,"chn":87},"pm10":0},"airDesc":null,"cloudrate":0,"response":null,"life_index":{"dressing":{"index":8,"desc":"极冷"},"ultraviolet":{"index":4,"desc":"强"},"coldRisk":{"index":4,"desc":"极易发"},"carWashing":{"index":2,"desc":"较适宜"},"comfort":{"index":13,"desc":"干冷"}},"phenomena":"多云","status":"00000","wind":{"speed":9.45,"direction":346.59}},"windDesc":"西南风2级","dswrf":0,"precipitation":null,"umbrellaDesc":"外出不用带伞","dateDetail":"2020-12-09","minTemperature":-5,"weekDay":"星期三","rainDesc":"不下雨","skycon":"CLEAR_DAY","temperature":-0.02,"alertDescNew":null,"humidity":0.39,"deviceType":null,"alertType":"雨","alertResponse":null,"visibility":0,"air_quality":{"pm25":69,"aqi":{"usa":0,"chn":92},"pm10":0},"airDesc":"良","cloudrate":0,"response":"北京今天天气多云转晴，-5度到4度，平均温度比昨天高1度，西南风2级，空气质量指数92，空气质量良。","domain":"weather","life_index":{"dressing":{"index":8,"desc":"极冷"},"ultraviolet":{"index":1,"desc":"最弱"},"coldRisk":{"index":4,"desc":"极易发"},"carWashing":{"index":2,"desc":"较适宜"},"comfort":{"index":13,"desc":"干冷"}},"phenomena":"多云转晴","status":"00000","wind":{"speed":6.84,"direction":212}}},"response":"/ù北京今天天气多云转晴，-5度到4度，/ù平均温度比昨天高1度，西南风2级，/ù空气质量指数92，空气质量良","retCode":"00000","retInfo":"/ù北京今天天气多云转晴，-5度到4度，/ù平均温度比昨天高1度，西南风2级，/ù空气质量指数92，空气质量良","sn":"20201209151555397000183982","uSpanId":"","uTraceId":""}
2020-12-09 15:15:55,890 autoNlpNew.py[line:96] INFO 开始处理返回的数据
2020-12-09 15:15:55,890 autoNlpNew.py[line:108] INFO 返回的数据转成json格式: 
2020-12-09 15:15:55,890 autoNlpNew.py[line:109] INFO {'data': {'nlpResult': {'appVersion': '2.5.37', 'category': 'weather', 'correctedQuery': '', 'domain': 'weather', 'errorInfo': None, 'isContinuousDialogue': False, 'isDialog': False, 'isMultiContinueDialog': '', 'isMultiDialogue': '', 'isQuitMultContinueDialog': '', 'moreDevice': False, 'needBroadcast': False, 'needCombineNLG': False, 'nlpVersion': 'jar.1.6.64-model.1.6.64-2020113001', 'parseStatus': True, 'protocolVersion': '', 'quitContinuousDialogue': '', 'response': '北京今天天气多云转晴，-5度到4度，平均温度比昨天高1度，西南风2级，空气质量指数92，空气质量良。', 'results': [{'params': {'nlpUuid': '', 'domain': 'weather', 'action': 'query', 'type': '天气'}}], 'retStatus': 0, 'sync_tts': '', 'userQuery': '天气怎么样', 'userQueryPinyin': ''}, 'content': {'alertDesc': None, 'date': '今天', 'maxTemperature': 4, 'weatherType': 0, 'pres': 0, 'city': '北京', 'dayWeather': {'alertDesc': None, 'date': '昨天', 'maxTemperature': 2, 'weatherType': 0, 'pres': 0, 'city': '北京', 'dayWeather': None, 'windDesc': None, 'dswrf': 0, 'precipitation': None, 'umbrellaDesc': '外出不用带伞', 'dateDetail': '2020-12-08', 'minTemperature': -6, 'weekDay': '星期二', 'rainDesc': '不下雨', 'skycon': 'PARTLY_CLOUDY_DAY', 'temperature': -0.96, 'alertDescNew': None, 'humidity': 0.29, 'deviceType': None, 'alertType': None, 'alertResponse': None, 'visibility': 0, 'air_quality': {'pm25': 65, 'aqi': {'usa': 0, 'chn': 87}, 'pm10': 0}, 'airDesc': None, 'cloudrate': 0, 'response': None, 'life_index': {'dressing': {'index': 8, 'desc': '极冷'}, 'ultraviolet': {'index': 4, 'desc': '强'}, 'coldRisk': {'index': 4, 'desc': '极易发'}, 'carWashing': {'index': 2, 'desc': '较适宜'}, 'comfort': {'index': 13, 'desc': '干冷'}}, 'phenomena': '多云', 'status': '00000', 'wind': {'speed': 9.45, 'direction': 346.59}}, 'windDesc': '西南风2级', 'dswrf': 0, 'precipitation': None, 'umbrellaDesc': '外出不用带伞', 'dateDetail': '2020-12-09', 'minTemperature': -5, 'weekDay': '星期三', 'rainDesc': '不下雨', 'skycon': 'CLEAR_DAY', 'temperature': -0.02, 'alertDescNew': None, 'humidity': 0.39, 'deviceType': None, 'alertType': '雨', 'alertResponse': None, 'visibility': 0, 'air_quality': {'pm25': 69, 'aqi': {'usa': 0, 'chn': 92}, 'pm10': 0}, 'airDesc': '良', 'cloudrate': 0, 'response': '北京今天天气多云转晴，-5度到4度，平均温度比昨天高1度，西南风2级，空气质量指数92，空气质量良。', 'domain': 'weather', 'life_index': {'dressing': {'index': 8, 'desc': '极冷'}, 'ultraviolet': {'index': 1, 'desc': '最弱'}, 'coldRisk': {'index': 4, 'desc': '极易发'}, 'carWashing': {'index': 2, 'desc': '较适宜'}, 'comfort': {'index': 13, 'desc': '干冷'}}, 'phenomena': '多云转晴', 'status': '00000', 'wind': {'speed': 6.84, 'direction': 212}}}, 'response': '/ù北京今天天气多云转晴，-5度到4度，/ù平均温度比昨天高1度，西南风2级，/ù空气质量指数92，空气质量良', 'retCode': '00000', 'retInfo': '/ù北京今天天气多云转晴，-5度到4度，/ù平均温度比昨天高1度，西南风2级，/ù空气质量指数92，空气质量良', 'sn': '20201209151555397000183982', 'uSpanId': '', 'uTraceId': ''}
2020-12-09 15:15:55,898 autoNlpNew.py[line:120] ERROR result_dev获取异常
2020-12-09 15:15:55,898 autoNlpNew.py[line:132] INFO 获取result_params
2020-12-09 15:15:55,898 autoNlpNew.py[line:133] INFO {'nlpUuid': '', 'domain': 'weather', 'action': 'query', 'type': '天气'}
2020-12-09 15:15:55,898 autoNlpNew.py[line:27] INFO 合并字典
2020-12-09 15:15:55,898 autoNlpNew.py[line:143] INFO 获取category参数
2020-12-09 15:15:55,898 autoNlpNew.py[line:144] INFO weather
2020-12-09 15:15:55,898 autoNlpNew.py[line:153] INFO 获取domain参数
2020-12-09 15:15:55,899 autoNlpNew.py[line:154] INFO weather
2020-12-09 15:15:55,899 autoNlpNew.py[line:160] ERROR 获取dev_nickName参数失败
2020-12-09 15:15:55,899 autoNlpNew.py[line:170] INFO 获取dev_name参数失败
2020-12-09 15:15:55,899 autoNlpNew.py[line:190] INFO 获取params_action
2020-12-09 15:15:55,904 autoNlpNew.py[line:191] INFO query
